Using pre-set license
Built from '2022.3/release' branch; Version is '2022.3.18f1 (d29bea25151d) revision 13802474'; Using compiler version '192829333'; Build Type 'Release'
OS: 'Windows 11  (10.0.26100) 64bit CoreSingleLanguage' Language: 'en' Physical Memory: 15712 MB
BatchMode: 1, IsHumanControllingUs: 0, StartBugReporterOnCrash: 0, Is64bit: 1, IsPro: 1

COMMAND LINE ARGUMENTS:
C:\Program Files\Unity\Hub\Editor\2022.3.18f1\Editor\Unity.exe
-adb2
-batchMode
-noUpm
-name
AssetImportWorker8
-projectPath
C:/Users/visha/Desktop/Unity projects/Solar_VR
-logFile
Logs/AssetImportWorker8.log
-srvPort
61612
Successfully changed project path to: C:/Users/visha/Desktop/Unity projects/Solar_VR
C:/Users/visha/Desktop/Unity projects/Solar_VR
[UnityMemory] Configuration Parameters - Can be set up in boot.config
    "memorysetup-bucket-allocator-granularity=16"
    "memorysetup-bucket-allocator-bucket-count=8"
    "memorysetup-bucket-allocator-block-size=33554432"
    "memorysetup-bucket-allocator-block-count=8"
    "memorysetup-main-allocator-block-size=16777216"
    "memorysetup-thread-allocator-block-size=16777216"
    "memorysetup-gfx-main-allocator-block-size=16777216"
    "memorysetup-gfx-thread-allocator-block-size=16777216"
    "memorysetup-cache-allocator-block-size=4194304"
    "memorysetup-typetree-allocator-block-size=2097152"
    "memorysetup-profiler-bucket-allocator-granularity=16"
    "memorysetup-profiler-bucket-allocator-bucket-count=8"
    "memorysetup-profiler-bucket-allocator-block-size=33554432"
    "memorysetup-profiler-bucket-allocator-block-count=8"
    "memorysetup-profiler-allocator-block-size=16777216"
    "memorysetup-profiler-editor-allocator-block-size=1048576"
    "memorysetup-temp-allocator-size-main=16777216"
    "memorysetup-job-temp-allocator-block-size=2097152"
    "memorysetup-job-temp-allocator-block-size-background=1048576"
    "memorysetup-job-temp-allocator-reduction-small-platforms=262144"
    "memorysetup-allocator-temp-initial-block-size-main=262144"
    "memorysetup-allocator-temp-initial-block-size-worker=262144"
    "memorysetup-temp-allocator-size-background-worker=32768"
    "memorysetup-temp-allocator-size-job-worker=262144"
    "memorysetup-temp-allocator-size-preload-manager=33554432"
    "memorysetup-temp-allocator-size-nav-mesh-worker=65536"
    "memorysetup-temp-allocator-size-audio-worker=65536"
    "memorysetup-temp-allocator-size-cloud-worker=32768"
    "memorysetup-temp-allocator-size-gi-baking-worker=262144"
    "memorysetup-temp-allocator-size-gfx=262144"
Player connection [29248] Host "[IP] 10.178.219.183 [Port] 0 [Flags] 2 [Guid] 1469323896 [EditorId] 1469323896 [Version] 1048832 [Id] WindowsEditor(7,LOGAN) [Debug] 1 [PackageName] WindowsEditor [ProjectName] Editor" joined multi-casting on [225.0.0.222:54997]...

Player connection [29248] Host "[IP] 10.178.219.183 [Port] 0 [Flags] 2 [Guid] 1469323896 [EditorId] 1469323896 [Version] 1048832 [Id] WindowsEditor(7,LOGAN) [Debug] 1 [PackageName] WindowsEditor [ProjectName] Editor" joined alternative multi-casting on [225.0.0.222:34997]...

[Physics::Module] Initialized MultithreadedJobDispatcher with 11 workers.
Refreshing native plugins compatible for Editor in 28.39 ms, found 9 plugins.
Preloading 0 native plugins for Editor in 0.00 ms.
Initialize engine version: 2022.3.18f1 (d29bea25151d)
[Subsystems] Discovering subsystems at path C:/Program Files/Unity/Hub/Editor/2022.3.18f1/Editor/Data/Resources/UnitySubsystems
[Subsystems] Discovering subsystems at path C:/Users/visha/Desktop/Unity projects/Solar_VR/Assets
GfxDevice: creating device client; threaded=0; jobified=0
Direct3D:
    Version:  Direct3D 11.0 [level 11.1]
    Renderer: AMD Radeon (TM) Graphics (ID=0x15e7)
    Vendor:   ATI
    VRAM:     7856 MB
    Driver:   31.0.12044.3
Initialize mono
Mono path[0] = 'C:/Program Files/Unity/Hub/Editor/2022.3.18f1/Editor/Data/Managed'
Mono path[1] = 'C:/Program Files/Unity/Hub/Editor/2022.3.18f1/Editor/Data/MonoBleedingEdge/lib/mono/unityjit-win32'
Mono config path = 'C:/Program Files/Unity/Hub/Editor/2022.3.18f1/Editor/Data/MonoBleedingEdge/etc'
Using monoOptions --debugger-agent=transport=dt_socket,embedding=1,server=y,suspend=n,address=127.0.0.1:56056
Begin MonoManager ReloadAssembly
Registering precompiled unity dll's ...
Register platform support module: C:/Program Files/Unity/Hub/Editor/2022.3.18f1/Editor/Data/PlaybackEngines/WebGLSupport/UnityEditor.WebGL.Extensions.dll
Register platform support module: C:/Program Files/Unity/Hub/Editor/2022.3.18f1/Editor/Data/PlaybackEngines/AndroidPlayer/UnityEditor.Android.Extensions.dll
Register platform support module: C:/Program Files/Unity/Hub/Editor/2022.3.18f1/Editor/Data/PlaybackEngines/WindowsStandaloneSupport/UnityEditor.WindowsStandalone.Extensions.dll
Register platform support module: C:/Program Files/Unity/Hub/Editor/2022.3.18f1/Editor/Data/PlaybackEngines/MetroSupport/UnityEditor.UWP.Extensions.dll
Registered in 0.016554 seconds.
- Loaded All Assemblies, in  0.538 seconds
Native extension for UWP target not found
Native extension for WindowsStandalone target not found
Native extension for Android target not found
Android Extension - Scanning For ADB Devices 403 ms
Native extension for WebGL target not found
Mono: successfully reloaded assembly
- Finished resetting the current domain, in  0.910 seconds
Domain Reload Profiling: 1446ms
	BeginReloadAssembly (193ms)
		ExecutionOrderSort (0ms)
		DisableScriptedObjects (0ms)
		BackupInstance (0ms)
		ReleaseScriptingObjects (0ms)
		CreateAndSetChildDomain (1ms)
	RebuildCommonClasses (39ms)
	RebuildNativeTypeToScriptingClass (11ms)
	initialDomainReloadingComplete (84ms)
	LoadAllAssembliesAndSetupDomain (209ms)
		LoadAssemblies (192ms)
		RebuildTransferFunctionScriptingTraits (0ms)
		AnalyzeDomain (204ms)
			TypeCache.Refresh (203ms)
				TypeCache.ScanAssembly (182ms)
			ScanForSourceGeneratedMonoScriptInfo (0ms)
			ResolveRequiredComponents (1ms)
	FinalizeReload (910ms)
		ReleaseScriptCaches (0ms)
		RebuildScriptCaches (0ms)
		SetupLoadedEditorAssemblies (834ms)
			LogAssemblyErrors (0ms)
			InitializePlatformSupportModulesInManaged (558ms)
			SetLoadedEditorAssemblies (4ms)
			RefreshPlugins (0ms)
			BeforeProcessingInitializeOnLoad (3ms)
			ProcessInitializeOnLoadAttributes (202ms)
			ProcessInitializeOnLoadMethodAttributes (67ms)
			AfterProcessingInitializeOnLoad (0ms)
			EditorAssembliesLoaded (0ms)
		ExecutionOrderSort2 (0ms)
		AwakeInstancesAfterBackupRestoration (0ms)
========================================================================
Worker process is ready to serve import requests
Begin MonoManager ReloadAssembly
- Loaded All Assemblies, in  0.944 seconds
Refreshing native plugins compatible for Editor in 20.81 ms, found 9 plugins.
Native extension for UWP target not found
Native extension for WindowsStandalone target not found
Native extension for Android target not found
Native extension for WebGL target not found
Package Manager log level set to [2]
[Package Manager] Server::EnsureServerProcessIsRunning -- launch failed, reason: Unity was launched with the -noUpm command-line argument
[Package Manager] UpmClient::Send -- Unable to send message (not connected to UPM process).
[Package Manager] Cannot connect to Unity Package Manager local server
Mono: successfully reloaded assembly
[Package Manager] Server::EnsureServerProcessIsRunning -- launch failed, reason: Unity was launched with the -noUpm command-line argument
[Package Manager] UpmClient::Send -- Unable to send message (not connected to UPM process).
[Package Manager] Cannot connect to Unity Package Manager local server
[Package Manager] Server::EnsureServerProcessIsRunning -- launch failed, reason: Unity was launched with the -noUpm command-line argument
[Package Manager] UpmClient::Send -- Unable to send message (not connected to UPM process).
[Package Manager] Cannot connect to Unity Package Manager local server
- Finished resetting the current domain, in  0.852 seconds
Domain Reload Profiling: 1792ms
	BeginReloadAssembly (196ms)
		ExecutionOrderSort (0ms)
		DisableScriptedObjects (9ms)
		BackupInstance (0ms)
		ReleaseScriptingObjects (0ms)
		CreateAndSetChildDomain (30ms)
	RebuildCommonClasses (41ms)
	RebuildNativeTypeToScriptingClass (13ms)
	initialDomainReloadingComplete (61ms)
	LoadAllAssembliesAndSetupDomain (628ms)
		LoadAssemblies (444ms)
		RebuildTransferFunctionScriptingTraits (0ms)
		AnalyzeDomain (294ms)
			TypeCache.Refresh (255ms)
				TypeCache.ScanAssembly (232ms)
			ScanForSourceGeneratedMonoScriptInfo (29ms)
			ResolveRequiredComponents (7ms)
	FinalizeReload (853ms)
		ReleaseScriptCaches (0ms)
		RebuildScriptCaches (0ms)
		SetupLoadedEditorAssemblies (634ms)
			LogAssemblyErrors (0ms)
			InitializePlatformSupportModulesInManaged (39ms)
			SetLoadedEditorAssemblies (4ms)
			RefreshPlugins (0ms)
			BeforeProcessingInitializeOnLoad (110ms)
			ProcessInitializeOnLoadAttributes (408ms)
			ProcessInitializeOnLoadMethodAttributes (65ms)
			AfterProcessingInitializeOnLoad (9ms)
			EditorAssembliesLoaded (0ms)
		ExecutionOrderSort2 (0ms)
		AwakeInstancesAfterBackupRestoration (9ms)
Launched and connected shader compiler UnityShaderCompiler.exe after 0.06 seconds
Refreshing native plugins compatible for Editor in 15.80 ms, found 9 plugins.
Preloading 0 native plugins for Editor in 0.00 ms.
Unloading 4532 Unused Serialized files (Serialized files now loaded: 0)
Unloading 83 unused Assets / (76.1 KB). Loaded Objects now: 5016.
Memory consumption went from 160.1 MB to 160.0 MB.
Total: 4.206900 ms (FindLiveObjects: 0.373400 ms CreateObjectMapping: 0.188300 ms MarkObjects: 3.459200 ms  DeleteObjects: 0.185000 ms)

AssetImportParameters requested are different than current active one (requested -> active):
  custom:container-demuxer-ogg: 62fdf1f143b41e24485cea50d1cbac27 -> 
  custom:video-codec-MediaFoundation-h265: 746d11721c4dcdbdad8f713fa42b33f4 -> 
  custom:video-decoder-ogg-theora: a1e56fd34408186e4bbccfd4996cb3dc -> 
  custom:framework-win-MediaFoundation: 216162199b28c13a410421893ffa2e32 -> 
  custom:CustomObjectIndexerAttribute: 6d391050e5a25f67b0a2c618074f2cd9 -> 
  custom:container-demuxer-webm: 4f35f7cbe854078d1ac9338744f61a02 -> 
  custom:container-muxer-webm: aa71ff27fc2769a1b78a27578f13a17b -> 
  custom:video-decoder-webm-vp8: 9c59270c3fd7afecdb556c50c9e8de78 -> 
  custom:SearchIndexIgnoredProperties: e643bd26f0fe6173181afceb89e7c659 -> 
  custom:AudioImporter_EditorPlatform: d09bf68614088b80899f8185d706f6e7 -> 
  custom:video-encoder-webm-vp8: eb34c28f22e8b96e1ab97ce403110664 -> 
  custom:audio-decoder-ogg-vorbis: bf7c407c2cedff20999df2af8eb42d56 -> 
  custom:audio-encoder-webm-vorbis: bf7c407c2cedff20999df2af8eb42d56 -> 
========================================================================
Received Import Request.
  Time since last request: 93277.503114 seconds.
  path: Assets/Solar System/Models/Desk/Stylized_Desk_Normal.tga
  artifactKey: Guid(f7f4a4e4d0d82f24b9153b6cf4a71ae6) Importer(815301076,1909f56bfc062723c751e8b465ee728b)
Start importing Assets/Solar System/Models/Desk/Stylized_Desk_Normal.tga using Guid(f7f4a4e4d0d82f24b9153b6cf4a71ae6) Importer(815301076,1909f56bfc062723c751e8b465ee728b)  -> (artifact id: '01793b6891e7f518ffa647030eb3db6c') in 0.111527 seconds
Number of updated asset objects reloaded before import = 0
Number of asset objects unloaded after import = 2
========================================================================
Received Import Request.
  Time since last request: 46.011446 seconds.
  path: Assets/Solar System/Models/Desk/Stylized_Desk_01.mat
  artifactKey: Guid(7127cff670cdaab4ab7dd81c81c0e96f) Importer(815301076,1909f56bfc062723c751e8b465ee728b)
Start importing Assets/Solar System/Models/Desk/Stylized_Desk_01.mat using Guid(7127cff670cdaab4ab7dd81c81c0e96f) Importer(815301076,1909f56bfc062723c751e8b465ee728b)  -> (artifact id: '13ebdce890f4531e8143a2493abb8d9e') in 0.080802 seconds
Number of updated asset objects reloaded before import = 0
Number of asset objects unloaded after import = 4
========================================================================
Received Import Request.
  Time since last request: 45.253928 seconds.
  path: Assets/Solar System/Models/Desk/Stylized_Desk_01.mat
  artifactKey: Guid(7127cff670cdaab4ab7dd81c81c0e96f) Importer(815301076,1909f56bfc062723c751e8b465ee728b)
Start importing Assets/Solar System/Models/Desk/Stylized_Desk_01.mat using Guid(7127cff670cdaab4ab7dd81c81c0e96f) Importer(815301076,1909f56bfc062723c751e8b465ee728b)  -> (artifact id: 'a6dcd7507ecded603c6d4f0791ad2bc2') in 0.032099 seconds
Number of updated asset objects reloaded before import = 0
Number of asset objects unloaded after import = 3
========================================================================
Received Import Request.
  Time since last request: 32.825495 seconds.
  path: Assets/Solar System/Models/Desk/Stylized_Desk_01.mat
  artifactKey: Guid(7127cff670cdaab4ab7dd81c81c0e96f) Importer(815301076,1909f56bfc062723c751e8b465ee728b)
Start importing Assets/Solar System/Models/Desk/Stylized_Desk_01.mat using Guid(7127cff670cdaab4ab7dd81c81c0e96f) Importer(815301076,1909f56bfc062723c751e8b465ee728b)  -> (artifact id: '4da4ff408143aeb2330185bedcffa54b') in 0.034672 seconds
Number of updated asset objects reloaded before import = 0
Number of asset objects unloaded after import = 4
========================================================================
Received Import Request.
  Time since last request: 7.383426 seconds.
  path: Assets/Solar System/Models/Desk.fbx
  artifactKey: Guid(4bb4775f6d114e84ebb6fe3e7e411d39) Importer(815301076,1909f56bfc062723c751e8b465ee728b)
Start importing Assets/Solar System/Models/Desk.fbx using Guid(4bb4775f6d114e84ebb6fe3e7e411d39) Importer(815301076,1909f56bfc062723c751e8b465ee728b)  -> (artifact id: '42d23415403b12e209bc6798a5949f71') in 0.153930 seconds
Number of updated asset objects reloaded before import = 0
Number of asset objects unloaded after import = 53
========================================================================
Received Import Request.
  Time since last request: 20.068168 seconds.
  path: Assets/Solar System/Models/dhakana.fbx
  artifactKey: Guid(21b078a8683de9f498e24d4b7570c467) Importer(815301076,1909f56bfc062723c751e8b465ee728b)
Start importing Assets/Solar System/Models/dhakana.fbx using Guid(21b078a8683de9f498e24d4b7570c467) Importer(815301076,1909f56bfc062723c751e8b465ee728b)  -> (artifact id: 'aa06843b7025e35dfb376adc32a23785') in 0.072662 seconds
Number of updated asset objects reloaded before import = 0
Number of asset objects unloaded after import = 15
========================================================================
Received Import Request.
  Time since last request: 5.149073 seconds.
  path: Assets/Solar System/Models/dhakana.fbx
  artifactKey: Guid(21b078a8683de9f498e24d4b7570c467) Importer(815301076,1909f56bfc062723c751e8b465ee728b)
Start importing Assets/Solar System/Models/dhakana.fbx using Guid(21b078a8683de9f498e24d4b7570c467) Importer(815301076,1909f56bfc062723c751e8b465ee728b)  -> (artifact id: 'feffd94f5b6d036810b6ae4eccbe2ccd') in 0.053822 seconds
Number of updated asset objects reloaded before import = 0
Number of asset objects unloaded after import = 15
========================================================================
Received Import Request.
  Time since last request: 12.140221 seconds.
  path: Assets/Solar System/Models/Dhankna
  artifactKey: Guid(9e3994c1932ac204fa608baa02ce83eb) Importer(815301076,1909f56bfc062723c751e8b465ee728b)
Start importing Assets/Solar System/Models/Dhankna using Guid(9e3994c1932ac204fa608baa02ce83eb) Importer(815301076,1909f56bfc062723c751e8b465ee728b)  -> (artifact id: '89e70d08175bf46f7425eb8b8552c7ae') in 0.000813 seconds
Number of updated asset objects reloaded before import = 0
Number of asset objects unloaded after import = 0
========================================================================
Received Import Request.
  Time since last request: 2.755272 seconds.
  path: Assets/Solar System/Models/Dhankna/box_11_unwrapped_Material_BaseColor.png
  artifactKey: Guid(9120bbfbec7837d40b3e2d53a6ba21e2) Importer(815301076,1909f56bfc062723c751e8b465ee728b)
Start importing Assets/Solar System/Models/Dhankna/box_11_unwrapped_Material_BaseColor.png using Guid(9120bbfbec7837d40b3e2d53a6ba21e2) Importer(815301076,1909f56bfc062723c751e8b465ee728b)  -> (artifact id: '0dfe087c352b7b66d3b0bc4615c4c4cc') in 0.040257 seconds
Number of updated asset objects reloaded before import = 0
Number of asset objects unloaded after import = 2
========================================================================
Received Import Request.
  Time since last request: 30.029863 seconds.
  path: Assets/Solar System/Models/Dhankna/Material.mat
  artifactKey: Guid(a673bfc9a8a84084b9488e67301f941b) Importer(815301076,1909f56bfc062723c751e8b465ee728b)
Start importing Assets/Solar System/Models/Dhankna/Material.mat using Guid(a673bfc9a8a84084b9488e67301f941b) Importer(815301076,1909f56bfc062723c751e8b465ee728b)  -> (artifact id: 'd9737dadeb4b02149cc8418c4fd8061c') in 0.032786 seconds
Number of updated asset objects reloaded before import = 0
Number of asset objects unloaded after import = 3
========================================================================
Received Import Request.
  Time since last request: 2.268485 seconds.
  path: Assets/Solar System/Models/Dhankna/box_11_unwrapped_Material_Normal.png
  artifactKey: Guid(b2fcecd775e07d446929bbb5db043068) Importer(815301076,1909f56bfc062723c751e8b465ee728b)
Start importing Assets/Solar System/Models/Dhankna/box_11_unwrapped_Material_Normal.png using Guid(b2fcecd775e07d446929bbb5db043068) Importer(815301076,1909f56bfc062723c751e8b465ee728b)  -> (artifact id: '43b33c1473e54fb1136dd1864c34a359') in 0.032687 seconds
Number of updated asset objects reloaded before import = 0
Number of asset objects unloaded after import = 2
========================================================================
Received Import Request.
  Time since last request: 19.625641 seconds.
  path: Assets/Solar System/Models/dhakana.fbx
  artifactKey: Guid(21b078a8683de9f498e24d4b7570c467) Importer(815301076,1909f56bfc062723c751e8b465ee728b)
Start importing Assets/Solar System/Models/dhakana.fbx using Guid(21b078a8683de9f498e24d4b7570c467) Importer(815301076,1909f56bfc062723c751e8b465ee728b)  -> (artifact id: '8a4dcdd6b106a490a7cfcff4626e9526') in 0.051517 seconds
Number of updated asset objects reloaded before import = 0
Number of asset objects unloaded after import = 17
========================================================================
Received Import Request.
  Time since last request: 50.966061 seconds.
  path: Assets/Solar System/Models/male _femalee convtor.fbx
  artifactKey: Guid(aecc4b6f5c64c01438fb4bbba9df2737) Importer(815301076,1909f56bfc062723c751e8b465ee728b)
Start importing Assets/Solar System/Models/male _femalee convtor.fbx using Guid(aecc4b6f5c64c01438fb4bbba9df2737) Importer(815301076,1909f56bfc062723c751e8b465ee728b)  -> (artifact id: 'd69d4e475045c3c4c1a3d42efd1326bb') in 0.074343 seconds
Number of updated asset objects reloaded before import = 0
Number of asset objects unloaded after import = 15
========================================================================
Received Import Request.
  Time since last request: 8.542440 seconds.
  path: Assets/Solar System/Models/msle_female
  artifactKey: Guid(a159aa3b45ade994fb12095ddc4d525f) Importer(815301076,1909f56bfc062723c751e8b465ee728b)
Start importing Assets/Solar System/Models/msle_female using Guid(a159aa3b45ade994fb12095ddc4d525f) Importer(815301076,1909f56bfc062723c751e8b465ee728b)  -> (artifact id: 'dcdbbda4e258c6575718494f2a891b6c') in 0.000700 seconds
Number of updated asset objects reloaded before import = 0
Number of asset objects unloaded after import = 0
========================================================================
Received Import Request.
  Time since last request: 8.495820 seconds.
  path: Assets/Solar System/Models/male_female
  artifactKey: Guid(a159aa3b45ade994fb12095ddc4d525f) Importer(815301076,1909f56bfc062723c751e8b465ee728b)
Start importing Assets/Solar System/Models/male_female using Guid(a159aa3b45ade994fb12095ddc4d525f) Importer(815301076,1909f56bfc062723c751e8b465ee728b)  -> (artifact id: 'f92d8ec607d824dae53b8f7cdb51852e') in 0.000506 seconds
Number of updated asset objects reloaded before import = 0
Number of asset objects unloaded after import = 0
========================================================================
Received Import Request.
  Time since last request: 12.441591 seconds.
  path: Assets/Solar System/Models/male_female/Black_plastic.mat
  artifactKey: Guid(03f89706439173f419ce5b9b2bc214e1) Importer(815301076,1909f56bfc062723c751e8b465ee728b)
Start importing Assets/Solar System/Models/male_female/Black_plastic.mat using Guid(03f89706439173f419ce5b9b2bc214e1) Importer(815301076,1909f56bfc062723c751e8b465ee728b)  -> (artifact id: '98948699dbbe2b11d0817c4d45d165ff') in 0.059926 seconds
Number of updated asset objects reloaded before import = 0
Number of asset objects unloaded after import = 1
========================================================================
Received Import Request.
  Time since last request: 34.719142 seconds.
  path: Assets/Solar System/Models/male_female/Black_plastic.mat
  artifactKey: Guid(03f89706439173f419ce5b9b2bc214e1) Importer(815301076,1909f56bfc062723c751e8b465ee728b)
Start importing Assets/Solar System/Models/male_female/Black_plastic.mat using Guid(03f89706439173f419ce5b9b2bc214e1) Importer(815301076,1909f56bfc062723c751e8b465ee728b)  -> (artifact id: 'fc5dc7416dbddb5bc40967dd910564a1') in 0.024882 seconds
Number of updated asset objects reloaded before import = 0
Number of asset objects unloaded after import = 1
========================================================================
Received Import Request.
  Time since last request: 9.060486 seconds.
  path: Assets/Solar System/Models/male _femalee convtor.fbx
  artifactKey: Guid(aecc4b6f5c64c01438fb4bbba9df2737) Importer(815301076,1909f56bfc062723c751e8b465ee728b)
Start importing Assets/Solar System/Models/male _femalee convtor.fbx using Guid(aecc4b6f5c64c01438fb4bbba9df2737) Importer(815301076,1909f56bfc062723c751e8b465ee728b)  -> (artifact id: 'b2509c7b2cf5cdeb5801623be75c37eb') in 0.080173 seconds
Number of updated asset objects reloaded before import = 0
Number of asset objects unloaded after import = 15
========================================================================
Received Import Request.
  Time since last request: 15.931508 seconds.
  path: Assets/Solar System/Models/MCB_stand_WIRE.fbx
  artifactKey: Guid(4afd243f9df16f54eabe23e8ec52dcc1) Importer(815301076,1909f56bfc062723c751e8b465ee728b)
Start importing Assets/Solar System/Models/MCB_stand_WIRE.fbx using Guid(4afd243f9df16f54eabe23e8ec52dcc1) Importer(815301076,1909f56bfc062723c751e8b465ee728b)  -> (artifact id: '6dc7e2398a0f1d0360d0721426857831') in 0.125181 seconds
Number of updated asset objects reloaded before import = 0
Number of asset objects unloaded after import = 46
========================================================================
Received Import Request.
  Time since last request: 4.373023 seconds.
  path: Assets/Solar System/Models/MCB
  artifactKey: Guid(40980cabd30de574a97392b66cea555c) Importer(815301076,1909f56bfc062723c751e8b465ee728b)
Start importing Assets/Solar System/Models/MCB using Guid(40980cabd30de574a97392b66cea555c) Importer(815301076,1909f56bfc062723c751e8b465ee728b)  -> (artifact id: '72121a8138ad29f3d046a52aa61a3292') in 0.000734 seconds
Number of updated asset objects reloaded before import = 0
Number of asset objects unloaded after import = 0
========================================================================
Received Import Request.
  Time since last request: 8.443343 seconds.
  path: Assets/Solar System/Models/MCB_stand_WIRE.fbx
  artifactKey: Guid(4afd243f9df16f54eabe23e8ec52dcc1) Importer(815301076,1909f56bfc062723c751e8b465ee728b)
Start importing Assets/Solar System/Models/MCB_stand_WIRE.fbx using Guid(4afd243f9df16f54eabe23e8ec52dcc1) Importer(815301076,1909f56bfc062723c751e8b465ee728b)  -> (artifact id: 'f6f312c6b36c3184de15d67712f92e99') in 0.082253 seconds
Number of updated asset objects reloaded before import = 0
Number of asset objects unloaded after import = 46
========================================================================
Received Import Request.
  Time since last request: 14.488533 seconds.
  path: Assets/Solar System/Models/MCB_stand_WIRE.fbx
  artifactKey: Guid(4afd243f9df16f54eabe23e8ec52dcc1) Importer(815301076,1909f56bfc062723c751e8b465ee728b)
Start importing Assets/Solar System/Models/MCB_stand_WIRE.fbx using Guid(4afd243f9df16f54eabe23e8ec52dcc1) Importer(815301076,1909f56bfc062723c751e8b465ee728b)  -> (artifact id: 'e449080b95869b5401ea66bd54221319') in 0.086706 seconds
Number of updated asset objects reloaded before import = 0
Number of asset objects unloaded after import = 46
========================================================================
Received Import Request.
  Time since last request: 8.313064 seconds.
  path: Assets/Solar System/Models/MCB/AVT_1P_AVT-1P_BaseColor.png
  artifactKey: Guid(0453c667c7e0bd540a6fd02b902b4628) Importer(815301076,1909f56bfc062723c751e8b465ee728b)
Start importing Assets/Solar System/Models/MCB/AVT_1P_AVT-1P_BaseColor.png using Guid(0453c667c7e0bd540a6fd02b902b4628) Importer(815301076,1909f56bfc062723c751e8b465ee728b)  -> (artifact id: '501065c7d08b2e71b751e1a786ea5eb8') in 0.045230 seconds
Number of updated asset objects reloaded before import = 0
Number of asset objects unloaded after import = 2
========================================================================
Received Import Request.
  Time since last request: 0.000042 seconds.
  path: Assets/Solar System/Models/MCB/AVT_1P_AVT-1P_Normal 1.png
  artifactKey: Guid(22f38b57d3071e04182f7269e7df4970) Importer(815301076,1909f56bfc062723c751e8b465ee728b)
Start importing Assets/Solar System/Models/MCB/AVT_1P_AVT-1P_Normal 1.png using Guid(22f38b57d3071e04182f7269e7df4970) Importer(815301076,1909f56bfc062723c751e8b465ee728b)  -> (artifact id: 'f1845b258b2a07b32641e4998c17c501') in 0.046882 seconds
Number of updated asset objects reloaded before import = 0
Number of asset objects unloaded after import = 2
========================================================================
Received Import Request.
  Time since last request: 0.000044 seconds.
  path: Assets/Solar System/Models/MCB/what-is-a-wire-tech-guide 1.jpg
  artifactKey: Guid(b88f556c4a56bc042bf35444bdf811f6) Importer(815301076,1909f56bfc062723c751e8b465ee728b)
Start importing Assets/Solar System/Models/MCB/what-is-a-wire-tech-guide 1.jpg using Guid(b88f556c4a56bc042bf35444bdf811f6) Importer(815301076,1909f56bfc062723c751e8b465ee728b)  -> (artifact id: '28123edff2193dd75a091cabd44e21e9') in 0.022174 seconds
Number of updated asset objects reloaded before import = 0
Number of asset objects unloaded after import = 2
========================================================================
Received Import Request.
  Time since last request: 0.000021 seconds.
  path: Assets/Solar System/Models/MCB/AVT_1P_AVT-1P_Normal.png
  artifactKey: Guid(42edb1b4248d4194584e09a3cce2b383) Importer(815301076,1909f56bfc062723c751e8b465ee728b)
Start importing Assets/Solar System/Models/MCB/AVT_1P_AVT-1P_Normal.png using Guid(42edb1b4248d4194584e09a3cce2b383) Importer(815301076,1909f56bfc062723c751e8b465ee728b)  -> (artifact id: 'a610eb1f869fc2267485333fc09426ad') in 0.024951 seconds
Number of updated asset objects reloaded before import = 0
Number of asset objects unloaded after import = 2
========================================================================
Received Import Request.
  Time since last request: 14.724358 seconds.
  path: Assets/Solar System/Models/MCB_stand_WIRE.fbx
  artifactKey: Guid(4afd243f9df16f54eabe23e8ec52dcc1) Importer(815301076,1909f56bfc062723c751e8b465ee728b)
Start importing Assets/Solar System/Models/MCB_stand_WIRE.fbx using Guid(4afd243f9df16f54eabe23e8ec52dcc1) Importer(815301076,1909f56bfc062723c751e8b465ee728b)  -> (artifact id: 'c6fcfda93a1aab1b34317a090b674ed5') in 0.078407 seconds
Number of updated asset objects reloaded before import = 0
Number of asset objects unloaded after import = 44
========================================================================
Received Import Request.
  Time since last request: 7.462280 seconds.
  path: Assets/Solar System/Models/MCB_stand_WIRE.fbx
  artifactKey: Guid(4afd243f9df16f54eabe23e8ec52dcc1) Importer(815301076,1909f56bfc062723c751e8b465ee728b)
Start importing Assets/Solar System/Models/MCB_stand_WIRE.fbx using Guid(4afd243f9df16f54eabe23e8ec52dcc1) Importer(815301076,1909f56bfc062723c751e8b465ee728b)  -> (artifact id: '24f0454552f450e9fa948d25347aa365') in 0.145119 seconds
Number of updated asset objects reloaded before import = 0
Number of asset objects unloaded after import = 46
========================================================================
Received Import Request.
  Time since last request: 6.583609 seconds.
  path: Assets/Solar System/Models/MCB_stand_WIRE.fbx
  artifactKey: Guid(4afd243f9df16f54eabe23e8ec52dcc1) Importer(815301076,1909f56bfc062723c751e8b465ee728b)
Start importing Assets/Solar System/Models/MCB_stand_WIRE.fbx using Guid(4afd243f9df16f54eabe23e8ec52dcc1) Importer(815301076,1909f56bfc062723c751e8b465ee728b)  -> (artifact id: 'b823d2bcba456d55c2783a67edbcd9a2') in 0.096615 seconds
Number of updated asset objects reloaded before import = 0
Number of asset objects unloaded after import = 46
========================================================================
Received Import Request.
  Time since last request: 15.599963 seconds.
  path: Assets/Solar System/Models/MCB/AVT_1P_AVT-1P_BaseColor.png
  artifactKey: Guid(1f1e8d841ced13147bfcc9d0665e0396) Importer(815301076,1909f56bfc062723c751e8b465ee728b)
Start importing Assets/Solar System/Models/MCB/AVT_1P_AVT-1P_BaseColor.png using Guid(1f1e8d841ced13147bfcc9d0665e0396) Importer(815301076,1909f56bfc062723c751e8b465ee728b)  -> (artifact id: '3f2ad51fa125ea1689316fe9cded6305') in 0.019785 seconds
Number of updated asset objects reloaded before import = 0
Number of asset objects unloaded after import = 2
========================================================================
Received Import Request.
  Time since last request: 40.419398 seconds.
  path: Assets/Solar System/Models/MCB/AVT_1P_AVT-1P_Normal.png
  artifactKey: Guid(f729c33baa0d78543a960f29b222b4b2) Importer(815301076,1909f56bfc062723c751e8b465ee728b)
Start importing Assets/Solar System/Models/MCB/AVT_1P_AVT-1P_Normal.png using Guid(f729c33baa0d78543a960f29b222b4b2) Importer(815301076,1909f56bfc062723c751e8b465ee728b)  -> (artifact id: '6d895f323ba70b1bb23a1d0063cfa996') in 0.027470 seconds
Number of updated asset objects reloaded before import = 0
Number of asset objects unloaded after import = 2
========================================================================
Received Import Request.
  Time since last request: 67.453963 seconds.
  path: Assets/Solar System/Models/MCB/blinn17.mat
  artifactKey: Guid(7cba2f82bf491ff4d8b593a8c72797cc) Importer(815301076,1909f56bfc062723c751e8b465ee728b)
Start importing Assets/Solar System/Models/MCB/blinn17.mat using Guid(7cba2f82bf491ff4d8b593a8c72797cc) Importer(815301076,1909f56bfc062723c751e8b465ee728b)  -> (artifact id: '3ab22dc108c35938354bd96d0eb70017') in 0.028435 seconds
Number of updated asset objects reloaded before import = 0
Number of asset objects unloaded after import = 3
========================================================================
Received Import Request.
  Time since last request: 10.433543 seconds.
  path: Assets/Solar System/Models/MCB_stand_WIRE.fbx
  artifactKey: Guid(4afd243f9df16f54eabe23e8ec52dcc1) Importer(815301076,1909f56bfc062723c751e8b465ee728b)
Start importing Assets/Solar System/Models/MCB_stand_WIRE.fbx using Guid(4afd243f9df16f54eabe23e8ec52dcc1) Importer(815301076,1909f56bfc062723c751e8b465ee728b)  -> (artifact id: 'fdcff1c402c545669da5606f16868f5a') in 0.075195 seconds
Number of updated asset objects reloaded before import = 0
Number of asset objects unloaded after import = 49
========================================================================
Received Import Request.
  Time since last request: 15.251386 seconds.
  path: Assets/Solar System/Models/niddel.fbx
  artifactKey: Guid(9f01d3fb1f8fdf94f8f1130a1eea8430) Importer(815301076,1909f56bfc062723c751e8b465ee728b)
Start importing Assets/Solar System/Models/niddel.fbx using Guid(9f01d3fb1f8fdf94f8f1130a1eea8430) Importer(815301076,1909f56bfc062723c751e8b465ee728b)  -> (artifact id: '24f7ce5c9fdd377821397636b50e551e') in 0.063036 seconds
Number of updated asset objects reloaded before import = 0
Number of asset objects unloaded after import = 10
========================================================================
Received Import Request.
  Time since last request: 6.781667 seconds.
  path: Assets/Solar System/Models/niddel.fbx
  artifactKey: Guid(9f01d3fb1f8fdf94f8f1130a1eea8430) Importer(815301076,1909f56bfc062723c751e8b465ee728b)
Start importing Assets/Solar System/Models/niddel.fbx using Guid(9f01d3fb1f8fdf94f8f1130a1eea8430) Importer(815301076,1909f56bfc062723c751e8b465ee728b)  -> (artifact id: '5e3c194a3c193f7ed060fa8fb31450b1') in 0.027336 seconds
Number of updated asset objects reloaded before import = 0
Number of asset objects unloaded after import = 10
========================================================================
Received Import Request.
  Time since last request: 10.428716 seconds.
  path: Assets/Solar System/Models/Niddle
  artifactKey: Guid(266b86ff159b02441948abc1bcb16b3c) Importer(815301076,1909f56bfc062723c751e8b465ee728b)
Start importing Assets/Solar System/Models/Niddle using Guid(266b86ff159b02441948abc1bcb16b3c) Importer(815301076,1909f56bfc062723c751e8b465ee728b)  -> (artifact id: '9d5ac3a3f7f741cd9b9433bb8de676d6') in 0.000712 seconds
Number of updated asset objects reloaded before import = 0
Number of asset objects unloaded after import = 0
========================================================================
Received Import Request.
  Time since last request: 0.080632 seconds.
  path: Assets/Solar System/Models/Niddle/lambert3_albedo.png
  artifactKey: Guid(5ab5f4cf22449304d8693a54a73b6438) Importer(815301076,1909f56bfc062723c751e8b465ee728b)
Start importing Assets/Solar System/Models/Niddle/lambert3_albedo.png using Guid(5ab5f4cf22449304d8693a54a73b6438) Importer(815301076,1909f56bfc062723c751e8b465ee728b)  -> (artifact id: '02ae84c55f33cf80971ec2e7ef6479bd') in 0.042118 seconds
Number of updated asset objects reloaded before import = 0
Number of asset objects unloaded after import = 2
========================================================================
Received Import Request.
  Time since last request: 11.483127 seconds.
  path: Assets/Solar System/Models/Niddle/lambert3_normal.png
  artifactKey: Guid(ea09072dd6fc4884e930ba91ae42f420) Importer(815301076,1909f56bfc062723c751e8b465ee728b)
Start importing Assets/Solar System/Models/Niddle/lambert3_normal.png using Guid(ea09072dd6fc4884e930ba91ae42f420) Importer(815301076,1909f56bfc062723c751e8b465ee728b)  -> (artifact id: 'cb6c9f931841b168d9035d92b1b4d950') in 0.034408 seconds
Number of updated asset objects reloaded before import = 0
Number of asset objects unloaded after import = 2
========================================================================
Received Import Request.
  Time since last request: 6.630199 seconds.
  path: Assets/Solar System/Models/Niddle/compaas.mat
  artifactKey: Guid(a70bc47aa96129b4b9487ea650367ceb) Importer(815301076,1909f56bfc062723c751e8b465ee728b)
Start importing Assets/Solar System/Models/Niddle/compaas.mat using Guid(a70bc47aa96129b4b9487ea650367ceb) Importer(815301076,1909f56bfc062723c751e8b465ee728b)  -> (artifact id: '84b02aedc3edd4bd9364af3ba0782f23') in 0.030072 seconds
Number of updated asset objects reloaded before import = 0
Number of asset objects unloaded after import = 3
========================================================================
Received Import Request.
  Time since last request: 7.884520 seconds.
  path: Assets/Solar System/Models/niddel.fbx
  artifactKey: Guid(9f01d3fb1f8fdf94f8f1130a1eea8430) Importer(815301076,1909f56bfc062723c751e8b465ee728b)
Start importing Assets/Solar System/Models/niddel.fbx using Guid(9f01d3fb1f8fdf94f8f1130a1eea8430) Importer(815301076,1909f56bfc062723c751e8b465ee728b)  -> (artifact id: '2a547691dba42c3ae5dfe9f7ecfd60e5') in 0.049088 seconds
Number of updated asset objects reloaded before import = 0
Number of asset objects unloaded after import = 12
========================================================================
Received Import Request.
  Time since last request: 18.309908 seconds.
  path: Assets/Solar System/Models/PAKKAD.fbx
  artifactKey: Guid(ffd6d77ed623f4243b3f7016da03ca81) Importer(815301076,1909f56bfc062723c751e8b465ee728b)
Start importing Assets/Solar System/Models/PAKKAD.fbx using Guid(ffd6d77ed623f4243b3f7016da03ca81) Importer(815301076,1909f56bfc062723c751e8b465ee728b)  -> (artifact id: '742d5de03e5414a2414a7a5aa8b70d02') in 0.072223 seconds
Number of updated asset objects reloaded before import = 0
Number of asset objects unloaded after import = 35
========================================================================
Received Import Request.
  Time since last request: 5.788999 seconds.
  path: Assets/Solar System/Models/PAKKAD.fbx
  artifactKey: Guid(ffd6d77ed623f4243b3f7016da03ca81) Importer(815301076,1909f56bfc062723c751e8b465ee728b)
Start importing Assets/Solar System/Models/PAKKAD.fbx using Guid(ffd6d77ed623f4243b3f7016da03ca81) Importer(815301076,1909f56bfc062723c751e8b465ee728b)  -> (artifact id: '8e27c5d6ee83b62a3adcd7ccd92986cb') in 0.069313 seconds
Number of updated asset objects reloaded before import = 0
Number of asset objects unloaded after import = 35
========================================================================
Received Import Request.
  Time since last request: 4.192196 seconds.
  path: Assets/Solar System/Models/Pakkad
  artifactKey: Guid(afe26b1b140a28f4f8a03c48d6259443) Importer(815301076,1909f56bfc062723c751e8b465ee728b)
Start importing Assets/Solar System/Models/Pakkad using Guid(afe26b1b140a28f4f8a03c48d6259443) Importer(815301076,1909f56bfc062723c751e8b465ee728b)  -> (artifact id: '6ef9f8d5104f667a02b6046094a29221') in 0.000679 seconds
Number of updated asset objects reloaded before import = 0
Number of asset objects unloaded after import = 0
========================================================================
Received Import Request.
  Time since last request: 0.099036 seconds.
  path: Assets/Solar System/Models/Pakkad/a63bd6fcc3684170971a9492ef1576a0__LP_blinn1_Normal.png
  artifactKey: Guid(51d60d5b40f6e0c4ab1542a596a28db0) Importer(815301076,1909f56bfc062723c751e8b465ee728b)
Start importing Assets/Solar System/Models/Pakkad/a63bd6fcc3684170971a9492ef1576a0__LP_blinn1_Normal.png using Guid(51d60d5b40f6e0c4ab1542a596a28db0) Importer(815301076,1909f56bfc062723c751e8b465ee728b)  -> (artifact id: '9c039ceb71496eebc64bc099adf74863') in 0.040958 seconds
Number of updated asset objects reloaded before import = 0
Number of asset objects unloaded after import = 2
========================================================================
Received Import Request.
  Time since last request: 0.000023 seconds.
  path: Assets/Solar System/Models/Pakkad/PAAKAD.mat
  artifactKey: Guid(3a2c287714101294590824ce84517b1a) Importer(815301076,1909f56bfc062723c751e8b465ee728b)
Start importing Assets/Solar System/Models/Pakkad/PAAKAD.mat using Guid(3a2c287714101294590824ce84517b1a) Importer(815301076,1909f56bfc062723c751e8b465ee728b)  -> (artifact id: 'a53bcb39735943cd39195ddbeeccef3b') in 0.026723 seconds
Number of updated asset objects reloaded before import = 0
Number of asset objects unloaded after import = 1
========================================================================
Received Import Request.
  Time since last request: 32.038506 seconds.
  path: Assets/Solar System/Models/Pakkad/a63bd6fcc3684170971a9492ef1576a0__LP_blinn1_Normal.png
  artifactKey: Guid(51d60d5b40f6e0c4ab1542a596a28db0) Importer(815301076,1909f56bfc062723c751e8b465ee728b)
Start importing Assets/Solar System/Models/Pakkad/a63bd6fcc3684170971a9492ef1576a0__LP_blinn1_Normal.png using Guid(51d60d5b40f6e0c4ab1542a596a28db0) Importer(815301076,1909f56bfc062723c751e8b465ee728b)  -> (artifact id: '47e0ddb078753a96e6fc01452027aca7') in 0.034846 seconds
Number of updated asset objects reloaded before import = 0
Number of asset objects unloaded after import = 2
========================================================================
Received Import Request.
  Time since last request: 8.673407 seconds.
  path: Assets/Solar System/Models/Pakkad/PAAKAD.mat
  artifactKey: Guid(3a2c287714101294590824ce84517b1a) Importer(815301076,1909f56bfc062723c751e8b465ee728b)
Start importing Assets/Solar System/Models/Pakkad/PAAKAD.mat using Guid(3a2c287714101294590824ce84517b1a) Importer(815301076,1909f56bfc062723c751e8b465ee728b)  -> (artifact id: '4b234279a05f2879bd2a8564911aefa0') in 0.030547 seconds
Number of updated asset objects reloaded before import = 0
Number of asset objects unloaded after import = 3
========================================================================
Received Import Request.
  Time since last request: 5.275837 seconds.
  path: Assets/Solar System/Models/PAKKAD.fbx
  artifactKey: Guid(ffd6d77ed623f4243b3f7016da03ca81) Importer(815301076,1909f56bfc062723c751e8b465ee728b)
Start importing Assets/Solar System/Models/PAKKAD.fbx using Guid(ffd6d77ed623f4243b3f7016da03ca81) Importer(815301076,1909f56bfc062723c751e8b465ee728b)  -> (artifact id: 'cc4ae87a3fd555ab6de19e164e9f2c16') in 0.095463 seconds
Number of updated asset objects reloaded before import = 0
Number of asset objects unloaded after import = 37
========================================================================
Received Import Request.
  Time since last request: 27.387399 seconds.
  path: Assets/Solar System/Models/Solar_.fbx
  artifactKey: Guid(9931363858ac02a4eb7982adce57990b) Importer(815301076,1909f56bfc062723c751e8b465ee728b)
Start importing Assets/Solar System/Models/Solar_.fbx using Guid(9931363858ac02a4eb7982adce57990b) Importer(815301076,1909f56bfc062723c751e8b465ee728b)  -> (artifact id: 'b3d63e0cefc7cdcc0ec1a7c7f25999cb') in 0.429260 seconds
Number of updated asset objects reloaded before import = 0
Number of asset objects unloaded after import = 302
========================================================================
Received Import Request.
  Time since last request: 17.018643 seconds.
  path: Assets/Solar System/Models/Solar_.fbx
  artifactKey: Guid(9931363858ac02a4eb7982adce57990b) Importer(815301076,1909f56bfc062723c751e8b465ee728b)
Start importing Assets/Solar System/Models/Solar_.fbx using Guid(9931363858ac02a4eb7982adce57990b) Importer(815301076,1909f56bfc062723c751e8b465ee728b)  -> (artifact id: '95575236b3d62e12401045c932d73ace') in 0.586027 seconds
Number of updated asset objects reloaded before import = 0
Number of asset objects unloaded after import = 302
========================================================================
Received Import Request.
  Time since last request: 83.767164 seconds.
  path: Assets/Solar System/Models/Solar_.fbx
  artifactKey: Guid(9931363858ac02a4eb7982adce57990b) Importer(815301076,1909f56bfc062723c751e8b465ee728b)
Start importing Assets/Solar System/Models/Solar_.fbx using Guid(9931363858ac02a4eb7982adce57990b) Importer(815301076,1909f56bfc062723c751e8b465ee728b)  -> (artifact id: 'f6297126b960da2a515b77dbce28051b') in 0.330645 seconds
Number of updated asset objects reloaded before import = 0
Number of asset objects unloaded after import = 304
========================================================================
Received Import Request.
  Time since last request: 24.086916 seconds.
  path: Assets/Solar System/Models/Solar
  artifactKey: Guid(a5f8fe1580a18c54598c74fe92f57077) Importer(815301076,1909f56bfc062723c751e8b465ee728b)
Start importing Assets/Solar System/Models/Solar using Guid(a5f8fe1580a18c54598c74fe92f57077) Importer(815301076,1909f56bfc062723c751e8b465ee728b)  -> (artifact id: '61d7acd50da79b87b3c3e5a2195ddd9c') in 0.000918 seconds
Number of updated asset objects reloaded before import = 0
Number of asset objects unloaded after import = 0
========================================================================
Received Import Request.
  Time since last request: 0.082576 seconds.
  path: Assets/Solar System/Models/Solar/Battery_New.mat
  artifactKey: Guid(64a15a9b5a45def42a1328b1474999b8) Importer(815301076,1909f56bfc062723c751e8b465ee728b)
Start importing Assets/Solar System/Models/Solar/Battery_New.mat using Guid(64a15a9b5a45def42a1328b1474999b8) Importer(815301076,1909f56bfc062723c751e8b465ee728b)  -> (artifact id: '64b8c55cd989f057eccd33dc22319bc3') in 0.037485 seconds
Number of updated asset objects reloaded before import = 0
Number of asset objects unloaded after import = 3
========================================================================
Received Import Request.
  Time since last request: 0.000027 seconds.
  path: Assets/Solar System/Models/Solar/compaas.mat
  artifactKey: Guid(c1e639959a19e0f418824bffdd39d84d) Importer(815301076,1909f56bfc062723c751e8b465ee728b)
Start importing Assets/Solar System/Models/Solar/compaas.mat using Guid(c1e639959a19e0f418824bffdd39d84d) Importer(815301076,1909f56bfc062723c751e8b465ee728b)  -> (artifact id: 'e8fe782a2810ae5849a986a87c074d9c') in 0.042696 seconds
Number of updated asset objects reloaded before import = 0
Number of asset objects unloaded after import = 3
========================================================================
Received Import Request.
  Time since last request: 0.000019 seconds.
  path: Assets/Solar System/Models/Solar/black_plastic.mat
  artifactKey: Guid(922b09cffff79dc47b42b8f360410479) Importer(815301076,1909f56bfc062723c751e8b465ee728b)
Start importing Assets/Solar System/Models/Solar/black_plastic.mat using Guid(922b09cffff79dc47b42b8f360410479) Importer(815301076,1909f56bfc062723c751e8b465ee728b)  -> (artifact id: 'a890a3533b58cdea400c6b10622a1b6d') in 0.022577 seconds
Number of updated asset objects reloaded before import = 0
Number of asset objects unloaded after import = 1
========================================================================
Received Import Request.
  Time since last request: 0.000029 seconds.
  path: Assets/Solar System/Models/Solar/GAP_2DAE03_Fekkes_Christina_C.png
  artifactKey: Guid(28aa22287ed76444bb60f71969642639) Importer(815301076,1909f56bfc062723c751e8b465ee728b)
Start importing Assets/Solar System/Models/Solar/GAP_2DAE03_Fekkes_Christina_C.png using Guid(28aa22287ed76444bb60f71969642639) Importer(815301076,1909f56bfc062723c751e8b465ee728b)  -> (artifact id: 'bd3f113f8aae1dd4015df757d7a16b30') in 0.041313 seconds
Number of updated asset objects reloaded before import = 0
Number of asset objects unloaded after import = 2
========================================================================
Received Import Request.
  Time since last request: 0.000035 seconds.
  path: Assets/Solar System/Models/Solar/compas_glass.mat
  artifactKey: Guid(8ba7ed30adc0a7d43ac2451f58f06c41) Importer(815301076,1909f56bfc062723c751e8b465ee728b)
Start importing Assets/Solar System/Models/Solar/compas_glass.mat using Guid(8ba7ed30adc0a7d43ac2451f58f06c41) Importer(815301076,1909f56bfc062723c751e8b465ee728b)  -> (artifact id: '0566f0561f69a3d70b782e07a733314a') in 0.028103 seconds
Number of updated asset objects reloaded before import = 0
Number of asset objects unloaded after import = 1
========================================================================
Received Import Request.
  Time since last request: 0.000033 seconds.
  path: Assets/Solar System/Models/Solar/GAP_2DAE03_Fekkes_Christina_N.png
  artifactKey: Guid(9049d3f6c9034dd41af5d854cd34c37f) Importer(815301076,1909f56bfc062723c751e8b465ee728b)
Start importing Assets/Solar System/Models/Solar/GAP_2DAE03_Fekkes_Christina_N.png using Guid(9049d3f6c9034dd41af5d854cd34c37f) Importer(815301076,1909f56bfc062723c751e8b465ee728b)  -> (artifact id: 'a35cf05570dee16bc3a82b7a2f7b5047') in 0.031098 seconds
Number of updated asset objects reloaded before import = 0
Number of asset objects unloaded after import = 2
========================================================================
Received Import Request.
  Time since last request: 1.137928 seconds.
  path: Assets/Solar System/Models/Solar/Inverter_Emissive.png
  artifactKey: Guid(e74a679a2ba314043a0b66007ba5b3cc) Importer(815301076,1909f56bfc062723c751e8b465ee728b)
Start importing Assets/Solar System/Models/Solar/Inverter_Emissive.png using Guid(e74a679a2ba314043a0b66007ba5b3cc) Importer(815301076,1909f56bfc062723c751e8b465ee728b)  -> (artifact id: 'a8495a8d62b2906b5aabc45e2d6c28b4') in 0.037042 seconds
Number of updated asset objects reloaded before import = 0
Number of asset objects unloaded after import = 2
========================================================================
Received Import Request.
  Time since last request: 0.029741 seconds.
  path: Assets/Solar System/Models/Solar/Invetor.mat
  artifactKey: Guid(3b8a5a9de0eb9b941a260eb87a684ac2) Importer(815301076,1909f56bfc062723c751e8b465ee728b)
Start importing Assets/Solar System/Models/Solar/Invetor.mat using Guid(3b8a5a9de0eb9b941a260eb87a684ac2) Importer(815301076,1909f56bfc062723c751e8b465ee728b)  -> (artifact id: '24c503da3202b9924136257238fdddbc') in 0.060972 seconds
Number of updated asset objects reloaded before import = 0
Number of asset objects unloaded after import = 1
========================================================================
Received Import Request.
  Time since last request: 0.000032 seconds.
  path: Assets/Solar System/Models/Solar/Material.mat
  artifactKey: Guid(b28a91ad990df5842bd78cf40b3321b6) Importer(815301076,1909f56bfc062723c751e8b465ee728b)
Start importing Assets/Solar System/Models/Solar/Material.mat using Guid(b28a91ad990df5842bd78cf40b3321b6) Importer(815301076,1909f56bfc062723c751e8b465ee728b)  -> (artifact id: '5b1180157e3d5fbf9124202da3e0601a') in 0.045309 seconds
Number of updated asset objects reloaded before import = 0
Number of asset objects unloaded after import = 3
========================================================================
Received Import Request.
  Time since last request: 0.000033 seconds.
  path: Assets/Solar System/Models/Solar/lambert3_albedo.png
  artifactKey: Guid(00df90d990c1bb5449cc03fc42f252a4) Importer(815301076,1909f56bfc062723c751e8b465ee728b)
Start importing Assets/Solar System/Models/Solar/lambert3_albedo.png using Guid(00df90d990c1bb5449cc03fc42f252a4) Importer(815301076,1909f56bfc062723c751e8b465ee728b)  -> (artifact id: '935f180ee71edec37f529b17e5b116c3') in 0.048745 seconds
Number of updated asset objects reloaded before import = 0
Number of asset objects unloaded after import = 2
========================================================================
Received Import Request.
  Time since last request: 0.097184 seconds.
  path: Assets/Solar System/Models/Solar/metal_stand.mat
  artifactKey: Guid(e99356e5f310b6645bf8414a88807057) Importer(815301076,1909f56bfc062723c751e8b465ee728b)
Start importing Assets/Solar System/Models/Solar/metal_stand.mat using Guid(e99356e5f310b6645bf8414a88807057) Importer(815301076,1909f56bfc062723c751e8b465ee728b)  -> (artifact id: '426f616459774354dc0305a68f0fe2d6') in 0.029469 seconds
Number of updated asset objects reloaded before import = 0
Number of asset objects unloaded after import = 1
========================================================================
Received Import Request.
  Time since last request: 0.024141 seconds.
  path: Assets/Solar System/Models/Solar/metal_stand_Normal_OpenGL.png
  artifactKey: Guid(584f7bcf39c7314498154d55663234ed) Importer(815301076,1909f56bfc062723c751e8b465ee728b)
Start importing Assets/Solar System/Models/Solar/metal_stand_Normal_OpenGL.png using Guid(584f7bcf39c7314498154d55663234ed) Importer(815301076,1909f56bfc062723c751e8b465ee728b)  -> (artifact id: '57551d712a9d39213f79821fad16277a') in 0.050336 seconds
Number of updated asset objects reloaded before import = 0
Number of asset objects unloaded after import = 2
========================================================================
Received Import Request.
  Time since last request: 0.000032 seconds.
  path: Assets/Solar System/Models/Solar/Screw_driver.mat
  artifactKey: Guid(c21ef9b948c8d3d4983f414383dcfbb8) Importer(815301076,1909f56bfc062723c751e8b465ee728b)
Start importing Assets/Solar System/Models/Solar/Screw_driver.mat using Guid(c21ef9b948c8d3d4983f414383dcfbb8) Importer(815301076,1909f56bfc062723c751e8b465ee728b)  -> (artifact id: 'e70f16cf7f5a736a76ae29790f4e013d') in 0.039548 seconds
Number of updated asset objects reloaded before import = 0
Number of asset objects unloaded after import = 1
========================================================================
Received Import Request.
  Time since last request: 0.000029 seconds.
  path: Assets/Solar System/Models/Solar/S1_New.mat
  artifactKey: Guid(0b6b7a3f4894d9d4580b19c45e04f38e) Importer(815301076,1909f56bfc062723c751e8b465ee728b)
Start importing Assets/Solar System/Models/Solar/S1_New.mat using Guid(0b6b7a3f4894d9d4580b19c45e04f38e) Importer(815301076,1909f56bfc062723c751e8b465ee728b)  -> (artifact id: '60042248b229492042d159ce681d62ee') in 0.028512 seconds
Number of updated asset objects reloaded before import = 0
Number of asset objects unloaded after import = 2
========================================================================
Received Import Request.
  Time since last request: 0.199249 seconds.
  path: Assets/Solar System/Models/Solar/Screw_fiting_mution.mat
  artifactKey: Guid(89a99112d0d49084189ad63611c43102) Importer(815301076,1909f56bfc062723c751e8b465ee728b)
Start importing Assets/Solar System/Models/Solar/Screw_fiting_mution.mat using Guid(89a99112d0d49084189ad63611c43102) Importer(815301076,1909f56bfc062723c751e8b465ee728b)  -> (artifact id: 'b954cb228e0caef3df5cc730690bfb38') in 0.077130 seconds
Number of updated asset objects reloaded before import = 0
Number of asset objects unloaded after import = 3
========================================================================
Received Import Request.
  Time since last request: 0.000038 seconds.
  path: Assets/Solar System/Models/Solar/solar_plate.mat
  artifactKey: Guid(bae9abc4877ffa2429739c858bfc9254) Importer(815301076,1909f56bfc062723c751e8b465ee728b)
Start importing Assets/Solar System/Models/Solar/solar_plate.mat using Guid(bae9abc4877ffa2429739c858bfc9254) Importer(815301076,1909f56bfc062723c751e8b465ee728b)  -> (artifact id: 'fb63ff6cc06e434adb3ce19e532dab21') in 0.030374 seconds
Number of updated asset objects reloaded before import = 0
Number of asset objects unloaded after import = 1
========================================================================
Received Import Request.
  Time since last request: 0.000062 seconds.
  path: Assets/Solar System/Models/Solar/screw_low_screw_Normal.png
  artifactKey: Guid(638e01eddb61a384a8ebd20c824a7e1f) Importer(815301076,1909f56bfc062723c751e8b465ee728b)
Start importing Assets/Solar System/Models/Solar/screw_low_screw_Normal.png using Guid(638e01eddb61a384a8ebd20c824a7e1f) Importer(815301076,1909f56bfc062723c751e8b465ee728b)  -> (artifact id: '69e986a31bca3ca45d654ac568fdc29a') in 0.032940 seconds
Number of updated asset objects reloaded before import = 0
Number of asset objects unloaded after import = 2
========================================================================
Received Import Request.
  Time since last request: 0.000023 seconds.
  path: Assets/Solar System/Models/Solar/TBattery_New_Metallic.png
  artifactKey: Guid(7d1b0d6fa5816a943bec62276ffc497a) Importer(815301076,1909f56bfc062723c751e8b465ee728b)
Start importing Assets/Solar System/Models/Solar/TBattery_New_Metallic.png using Guid(7d1b0d6fa5816a943bec62276ffc497a) Importer(815301076,1909f56bfc062723c751e8b465ee728b)  -> (artifact id: 'b08f48e2ae6d2a80a806d31577b055ee') in 0.021990 seconds
Number of updated asset objects reloaded before import = 0
Number of asset objects unloaded after import = 2
========================================================================
Received Import Request.
  Time since last request: 0.174771 seconds.
  path: Assets/Solar System/Models/Solar/Wiring_Base_color.png
  artifactKey: Guid(9cd08290473c65f4e9d904d0982536d2) Importer(815301076,1909f56bfc062723c751e8b465ee728b)
Start importing Assets/Solar System/Models/Solar/Wiring_Base_color.png using Guid(9cd08290473c65f4e9d904d0982536d2) Importer(815301076,1909f56bfc062723c751e8b465ee728b)  -> (artifact id: 'de952fad5f4bcd4e72ebf29bc603801c') in 0.025261 seconds
Number of updated asset objects reloaded before import = 0
Number of asset objects unloaded after import = 2
========================================================================
Received Import Request.
  Time since last request: 0.035584 seconds.
  path: Assets/Solar System/Models/Solar/wite_plastic.mat
  artifactKey: Guid(3e56305e658abd644b171380a21259cf) Importer(815301076,1909f56bfc062723c751e8b465ee728b)
Start importing Assets/Solar System/Models/Solar/wite_plastic.mat using Guid(3e56305e658abd644b171380a21259cf) Importer(815301076,1909f56bfc062723c751e8b465ee728b)  -> (artifact id: 'c038891af116b274ca338fdc35712572') in 0.023581 seconds
Number of updated asset objects reloaded before import = 0
Number of asset objects unloaded after import = 1
========================================================================
Received Import Request.
  Time since last request: 3.457595 seconds.
  path: Assets/Solar System/Models/Solar/AVT_1P_AVT-1P_BaseColor.png
  artifactKey: Guid(9ffbd929729fe904d8769986eaf4f416) Importer(815301076,1909f56bfc062723c751e8b465ee728b)
Start importing Assets/Solar System/Models/Solar/AVT_1P_AVT-1P_BaseColor.png using Guid(9ffbd929729fe904d8769986eaf4f416) Importer(815301076,1909f56bfc062723c751e8b465ee728b)  -> (artifact id: '70a56ae3c8e54e44bdb55ca5ae578694') in 0.029083 seconds
Number of updated asset objects reloaded before import = 0
Number of asset objects unloaded after import = 2
========================================================================
Received Import Request.
  Time since last request: 0.265289 seconds.
  path: Assets/Solar System/Models/Solar/93ab7be0d35b4b63bcfbdd5c416c2e12_N_TBattery_New_Normal.png
  artifactKey: Guid(426734df76bf71f40916d758511d2bc7) Importer(815301076,1909f56bfc062723c751e8b465ee728b)
Start importing Assets/Solar System/Models/Solar/93ab7be0d35b4b63bcfbdd5c416c2e12_N_TBattery_New_Normal.png using Guid(426734df76bf71f40916d758511d2bc7) Importer(815301076,1909f56bfc062723c751e8b465ee728b)  -> (artifact id: '4e942272da0ac7492b4de07aab9fab26') in 0.021464 seconds
Number of updated asset objects reloaded before import = 0
Number of asset objects unloaded after import = 2
========================================================================
Received Import Request.
  Time since last request: 0.033859 seconds.
  path: Assets/Solar System/Models/Solar/0a29d4b1830a4ea6b69897708c110ed8_RGB_dewalt_Base_Color.png
  artifactKey: Guid(aa7d3de1fcf8895428ece8b611851a85) Importer(815301076,1909f56bfc062723c751e8b465ee728b)
Start importing Assets/Solar System/Models/Solar/0a29d4b1830a4ea6b69897708c110ed8_RGB_dewalt_Base_Color.png using Guid(aa7d3de1fcf8895428ece8b611851a85) Importer(815301076,1909f56bfc062723c751e8b465ee728b)  -> (artifact id: 'f25e83d661ba58630ec4fc2ff47abcb9') in 0.043320 seconds
Number of updated asset objects reloaded before import = 0
Number of asset objects unloaded after import = 2
========================================================================
Received Import Request.
  Time since last request: 56.045096 seconds.
  path: Assets/Solar System/Models/Solar/compaas.mat
  artifactKey: Guid(c1e639959a19e0f418824bffdd39d84d) Importer(815301076,1909f56bfc062723c751e8b465ee728b)
Start importing Assets/Solar System/Models/Solar/compaas.mat using Guid(c1e639959a19e0f418824bffdd39d84d) Importer(815301076,1909f56bfc062723c751e8b465ee728b)  -> (artifact id: '7a83dd119ad20f2d03055379d45ff130') in 0.027457 seconds
Number of updated asset objects reloaded before import = 0
Number of asset objects unloaded after import = 3
========================================================================
Received Import Request.
  Time since last request: 159.439921 seconds.
  path: Assets/Solar System/Models/Solar/Screw_fiting_mution.mat
  artifactKey: Guid(89a99112d0d49084189ad63611c43102) Importer(815301076,1909f56bfc062723c751e8b465ee728b)
Start importing Assets/Solar System/Models/Solar/Screw_fiting_mution.mat using Guid(89a99112d0d49084189ad63611c43102) Importer(815301076,1909f56bfc062723c751e8b465ee728b)  -> (artifact id: '7af6cf4d2e5a3415d607137ab50b77bf') in 0.057618 seconds
Number of updated asset objects reloaded before import = 0
Number of asset objects unloaded after import = 3
========================================================================
Received Import Request.
  Time since last request: 151.376996 seconds.
  path: Assets/Solar System/Models/Solar/solar_plate.mat
  artifactKey: Guid(bae9abc4877ffa2429739c858bfc9254) Importer(815301076,1909f56bfc062723c751e8b465ee728b)
Start importing Assets/Solar System/Models/Solar/solar_plate.mat using Guid(bae9abc4877ffa2429739c858bfc9254) Importer(815301076,1909f56bfc062723c751e8b465ee728b)  -> (artifact id: '323eeae0e0332f9bd050c91ea844ce16') in 0.027739 seconds
Number of updated asset objects reloaded before import = 0
Number of asset objects unloaded after import = 2
========================================================================
Received Import Request.
  Time since last request: 1397.392483 seconds.
  path: Assets/Solar System/Models/Solar_.fbx
  artifactKey: Guid(9931363858ac02a4eb7982adce57990b) Importer(815301076,1909f56bfc062723c751e8b465ee728b)
Start importing Assets/Solar System/Models/Solar_.fbx using Guid(9931363858ac02a4eb7982adce57990b) Importer(815301076,1909f56bfc062723c751e8b465ee728b)  -> (artifact id: '4fc7c568e33e59582f0ed3cb22756891') in 0.605496 seconds
Number of updated asset objects reloaded before import = 0
Number of asset objects unloaded after import = 305
========================================================================
Received Import Request.
  Time since last request: 511.151093 seconds.
  path: Assets/Solar System/Models/Solar_.fbx
  artifactKey: Guid(9931363858ac02a4eb7982adce57990b) Importer(815301076,1909f56bfc062723c751e8b465ee728b)
Start importing Assets/Solar System/Models/Solar_.fbx using Guid(9931363858ac02a4eb7982adce57990b) Importer(815301076,1909f56bfc062723c751e8b465ee728b)  -> (artifact id: 'e27335aacd14420b636f1bb073da60d9') in 0.366441 seconds
Number of updated asset objects reloaded before import = 0
Number of asset objects unloaded after import = 305
========================================================================
Received Import Request.
  Time since last request: 8.700150 seconds.
  path: Assets/Solar System/Models/Solar_.fbx
  artifactKey: Guid(9931363858ac02a4eb7982adce57990b) Importer(815301076,1909f56bfc062723c751e8b465ee728b)
Start importing Assets/Solar System/Models/Solar_.fbx using Guid(9931363858ac02a4eb7982adce57990b) Importer(815301076,1909f56bfc062723c751e8b465ee728b)  -> (artifact id: 'd67bac2a0427ccf35ce9e1927d4dc271') in 0.414284 seconds
Number of updated asset objects reloaded before import = 0
Number of asset objects unloaded after import = 305
========================================================================
Received Import Request.
  Time since last request: 98.161589 seconds.
  path: Assets/Solar System/Models/Solar_.fbx
  artifactKey: Guid(9931363858ac02a4eb7982adce57990b) Importer(815301076,1909f56bfc062723c751e8b465ee728b)
Start importing Assets/Solar System/Models/Solar_.fbx using Guid(9931363858ac02a4eb7982adce57990b) Importer(815301076,1909f56bfc062723c751e8b465ee728b)  -> (artifact id: '486b8756d60e1f75fe061f4f6eec90c0') in 0.330284 seconds
Number of updated asset objects reloaded before import = 0
Number of asset objects unloaded after import = 305
========================================================================
Received Prepare
Begin MonoManager ReloadAssembly
- Loaded All Assemblies, in  0.736 seconds
Refreshing native plugins compatible for Editor in 14.18 ms, found 9 plugins.
Native extension for UWP target not found
Native extension for WindowsStandalone target not found
Native extension for Android target not found
Native extension for WebGL target not found
[Package Manager] Server::EnsureServerProcessIsRunning -- launch failed, reason: Unity was launched with the -noUpm command-line argument
[Package Manager] UpmClient::Send -- Unable to send message (not connected to UPM process).
[Package Manager] Cannot connect to Unity Package Manager local server
Mono: successfully reloaded assembly
[Package Manager] Server::EnsureServerProcessIsRunning -- launch failed, reason: Unity was launched with the -noUpm command-line argument
[Package Manager] UpmClient::Send -- Unable to send message (not connected to UPM process).
[Package Manager] Cannot connect to Unity Package Manager local server
- Finished resetting the current domain, in  1.381 seconds
Domain Reload Profiling: 2113ms
	BeginReloadAssembly (303ms)
		ExecutionOrderSort (0ms)
		DisableScriptedObjects (8ms)
		BackupInstance (0ms)
		ReleaseScriptingObjects (0ms)
		CreateAndSetChildDomain (129ms)
	RebuildCommonClasses (36ms)
	RebuildNativeTypeToScriptingClass (10ms)
	initialDomainReloadingComplete (36ms)
	LoadAllAssembliesAndSetupDomain (348ms)
		LoadAssemblies (445ms)
		RebuildTransferFunctionScriptingTraits (0ms)
		AnalyzeDomain (17ms)
			TypeCache.Refresh (7ms)
				TypeCache.ScanAssembly (0ms)
			ScanForSourceGeneratedMonoScriptInfo (0ms)
			ResolveRequiredComponents (8ms)
	FinalizeReload (1381ms)
		ReleaseScriptCaches (0ms)
		RebuildScriptCaches (0ms)
		SetupLoadedEditorAssemblies (576ms)
			LogAssemblyErrors (0ms)
			InitializePlatformSupportModulesInManaged (39ms)
			SetLoadedEditorAssemblies (4ms)
			RefreshPlugins (0ms)
			BeforeProcessingInitializeOnLoad (87ms)
			ProcessInitializeOnLoadAttributes (390ms)
			ProcessInitializeOnLoadMethodAttributes (47ms)
			AfterProcessingInitializeOnLoad (8ms)
			EditorAssembliesLoaded (0ms)
		ExecutionOrderSort2 (0ms)
		AwakeInstancesAfterBackupRestoration (9ms)
Refreshing native plugins compatible for Editor in 22.40 ms, found 9 plugins.
Preloading 0 native plugins for Editor in 0.00 ms.
Unloading 4514 Unused Serialized files (Serialized files now loaded: 0)
Unloading 61 unused Assets / (50.1 KB). Loaded Objects now: 5067.
Memory consumption went from 160.1 MB to 160.1 MB.
Total: 6.296000 ms (FindLiveObjects: 0.496900 ms CreateObjectMapping: 0.445000 ms MarkObjects: 5.194400 ms  DeleteObjects: 0.158300 ms)

Prepare: number of updated asset objects reloaded= 0
AssetImportParameters requested are different than current active one (requested -> active):
  custom:container-demuxer-ogg: 62fdf1f143b41e24485cea50d1cbac27 -> 
  custom:video-codec-MediaFoundation-h265: 746d11721c4dcdbdad8f713fa42b33f4 -> 
  custom:video-decoder-ogg-theora: a1e56fd34408186e4bbccfd4996cb3dc -> 
  custom:framework-win-MediaFoundation: 216162199b28c13a410421893ffa2e32 -> 
  custom:CustomObjectIndexerAttribute: 6d391050e5a25f67b0a2c618074f2cd9 -> 
  custom:container-demuxer-webm: 4f35f7cbe854078d1ac9338744f61a02 -> 
  custom:container-muxer-webm: aa71ff27fc2769a1b78a27578f13a17b -> 
  custom:video-decoder-webm-vp8: 9c59270c3fd7afecdb556c50c9e8de78 -> 
  custom:SearchIndexIgnoredProperties: e643bd26f0fe6173181afceb89e7c659 -> 
  custom:AudioImporter_EditorPlatform: d09bf68614088b80899f8185d706f6e7 -> 
  custom:video-encoder-webm-vp8: eb34c28f22e8b96e1ab97ce403110664 -> 
  custom:audio-decoder-ogg-vorbis: bf7c407c2cedff20999df2af8eb42d56 -> 
  custom:audio-encoder-webm-vorbis: bf7c407c2cedff20999df2af8eb42d56 -> 
========================================================================
Received Prepare
Begin MonoManager ReloadAssembly
- Loaded All Assemblies, in  1.592 seconds
Refreshing native plugins compatible for Editor in 38.39 ms, found 9 plugins.
Native extension for UWP target not found
Native extension for WindowsStandalone target not found
Native extension for Android target not found
Native extension for WebGL target not found
[Package Manager] Server::EnsureServerProcessIsRunning -- launch failed, reason: Unity was launched with the -noUpm command-line argument
[Package Manager] UpmClient::Send -- Unable to send message (not connected to UPM process).
[Package Manager] Cannot connect to Unity Package Manager local server
Mono: successfully reloaded assembly
[Package Manager] Server::EnsureServerProcessIsRunning -- launch failed, reason: Unity was launched with the -noUpm command-line argument
[Package Manager] UpmClient::Send -- Unable to send message (not connected to UPM process).
[Package Manager] Cannot connect to Unity Package Manager local server
- Finished resetting the current domain, in  2.691 seconds
Domain Reload Profiling: 4270ms
	BeginReloadAssembly (560ms)
		ExecutionOrderSort (0ms)
		DisableScriptedObjects (14ms)
		BackupInstance (0ms)
		ReleaseScriptingObjects (0ms)
		CreateAndSetChildDomain (107ms)
	RebuildCommonClasses (197ms)
	RebuildNativeTypeToScriptingClass (34ms)
	initialDomainReloadingComplete (86ms)
	LoadAllAssembliesAndSetupDomain (700ms)
		LoadAssemblies (1020ms)
		RebuildTransferFunctionScriptingTraits (0ms)
		AnalyzeDomain (41ms)
			TypeCache.Refresh (16ms)
				TypeCache.ScanAssembly (0ms)
			ScanForSourceGeneratedMonoScriptInfo (1ms)
			ResolveRequiredComponents (20ms)
	FinalizeReload (2693ms)
		ReleaseScriptCaches (0ms)
		RebuildScriptCaches (0ms)
		SetupLoadedEditorAssemblies (1156ms)
			LogAssemblyErrors (0ms)
			InitializePlatformSupportModulesInManaged (82ms)
			SetLoadedEditorAssemblies (7ms)
			RefreshPlugins (0ms)
			BeforeProcessingInitializeOnLoad (162ms)
			ProcessInitializeOnLoadAttributes (763ms)
			ProcessInitializeOnLoadMethodAttributes (117ms)
			AfterProcessingInitializeOnLoad (23ms)
			EditorAssembliesLoaded (1ms)
		ExecutionOrderSort2 (0ms)
		AwakeInstancesAfterBackupRestoration (20ms)
Refreshing native plugins compatible for Editor in 27.64 ms, found 9 plugins.
Preloading 0 native plugins for Editor in 0.00 ms.
Unloading 4515 Unused Serialized files (Serialized files now loaded: 0)
Unloading 61 unused Assets / (50.2 KB). Loaded Objects now: 5071.
Memory consumption went from 162.3 MB to 162.3 MB.
Total: 9.403400 ms (FindLiveObjects: 0.599400 ms CreateObjectMapping: 0.297400 ms MarkObjects: 8.278500 ms  DeleteObjects: 0.226100 ms)

Prepare: number of updated asset objects reloaded= 0
AssetImportParameters requested are different than current active one (requested -> active):
  custom:container-demuxer-ogg: 62fdf1f143b41e24485cea50d1cbac27 -> 
  custom:video-codec-MediaFoundation-h265: 746d11721c4dcdbdad8f713fa42b33f4 -> 
  custom:video-decoder-ogg-theora: a1e56fd34408186e4bbccfd4996cb3dc -> 
  custom:framework-win-MediaFoundation: 216162199b28c13a410421893ffa2e32 -> 
  custom:CustomObjectIndexerAttribute: 6d391050e5a25f67b0a2c618074f2cd9 -> 
  custom:container-demuxer-webm: 4f35f7cbe854078d1ac9338744f61a02 -> 
  custom:container-muxer-webm: aa71ff27fc2769a1b78a27578f13a17b -> 
  custom:video-decoder-webm-vp8: 9c59270c3fd7afecdb556c50c9e8de78 -> 
  custom:SearchIndexIgnoredProperties: e643bd26f0fe6173181afceb89e7c659 -> 
  custom:AudioImporter_EditorPlatform: d09bf68614088b80899f8185d706f6e7 -> 
  custom:video-encoder-webm-vp8: eb34c28f22e8b96e1ab97ce403110664 -> 
  custom:audio-decoder-ogg-vorbis: bf7c407c2cedff20999df2af8eb42d56 -> 
  custom:audio-encoder-webm-vorbis: bf7c407c2cedff20999df2af8eb42d56 -> 
========================================================================
Received Import Request.
  Time since last request: 727.664263 seconds.
  path: Assets/Solar System/Models/ChargerController/Material.048.mat
  artifactKey: Guid(ff2562b5a19c72143a7effa339010e43) Importer(815301076,1909f56bfc062723c751e8b465ee728b)
Start importing Assets/Solar System/Models/ChargerController/Material.048.mat using Guid(ff2562b5a19c72143a7effa339010e43) Importer(815301076,1909f56bfc062723c751e8b465ee728b)  -> (artifact id: 'e0024bbcc688c93fba18aa663b92b038') in 0.103440 seconds
Number of updated asset objects reloaded before import = 0
Number of asset objects unloaded after import = 3
========================================================================
Received Import Request.
  Time since last request: 0.246840 seconds.
  path: Assets/Solar System/Models/ChargerController/Material.049.mat
  artifactKey: Guid(823fd32e728ddc0478113ac30acd603f) Importer(815301076,1909f56bfc062723c751e8b465ee728b)
Start importing Assets/Solar System/Models/ChargerController/Material.049.mat using Guid(823fd32e728ddc0478113ac30acd603f) Importer(815301076,1909f56bfc062723c751e8b465ee728b)  -> (artifact id: 'e91e6f43e423fbf8001cc3e73603de73') in 0.021730 seconds
Number of updated asset objects reloaded before import = 0
Number of asset objects unloaded after import = 3
========================================================================
Received Import Request.
  Time since last request: 127.098479 seconds.
  path: Assets/Solar System/Models
  artifactKey: Guid(488f172667752864e90ae217b48b0f7c) Importer(815301076,1909f56bfc062723c751e8b465ee728b)
Start importing Assets/Solar System/Models using Guid(488f172667752864e90ae217b48b0f7c) Importer(815301076,1909f56bfc062723c751e8b465ee728b)  -> (artifact id: 'e3f0efd5a7b2956f5f990d85c00807ac') in 0.000723 seconds
Number of updated asset objects reloaded before import = 0
Number of asset objects unloaded after import = 0
========================================================================
Received Import Request.
  Time since last request: 874.128390 seconds.
  path: Assets/Solar System/Models/Solar/black_plastic.mat
  artifactKey: Guid(922b09cffff79dc47b42b8f360410479) Importer(815301076,1909f56bfc062723c751e8b465ee728b)
Start importing Assets/Solar System/Models/Solar/black_plastic.mat using Guid(922b09cffff79dc47b42b8f360410479) Importer(815301076,1909f56bfc062723c751e8b465ee728b)  -> (artifact id: '5bdbb6e431dd31ff96648508d138fbb5') in 0.073162 seconds
Number of updated asset objects reloaded before import = 0
Number of asset objects unloaded after import = 1
========================================================================
Received Import Request.
  Time since last request: 0.000027 seconds.
  path: Assets/Solar System/Models/Solar/compas_glass.mat
  artifactKey: Guid(8ba7ed30adc0a7d43ac2451f58f06c41) Importer(815301076,1909f56bfc062723c751e8b465ee728b)
Start importing Assets/Solar System/Models/Solar/compas_glass.mat using Guid(8ba7ed30adc0a7d43ac2451f58f06c41) Importer(815301076,1909f56bfc062723c751e8b465ee728b)  -> (artifact id: 'a95ac80ac232bf507f3ee19a3e7b549e') in 0.089964 seconds
Number of updated asset objects reloaded before import = 0
Number of asset objects unloaded after import = 1
========================================================================
Received Import Request.
  Time since last request: 1.180214 seconds.
  path: Assets/Solar System/Models/Solar/lambert1.mat
  artifactKey: Guid(369b1792dc0baff40ae83bfc47e184c9) Importer(815301076,1909f56bfc062723c751e8b465ee728b)
Start importing Assets/Solar System/Models/Solar/lambert1.mat using Guid(369b1792dc0baff40ae83bfc47e184c9) Importer(815301076,1909f56bfc062723c751e8b465ee728b)  -> (artifact id: 'f6f803bbc05d7ffa2f0d8c43ec25c466') in 0.023013 seconds
Number of updated asset objects reloaded before import = 0
Number of asset objects unloaded after import = 1
========================================================================
Received Import Request.
  Time since last request: 0.304141 seconds.
  path: Assets/Solar System/Models/Solar/metal_stand.mat
  artifactKey: Guid(e99356e5f310b6645bf8414a88807057) Importer(815301076,1909f56bfc062723c751e8b465ee728b)
Start importing Assets/Solar System/Models/Solar/metal_stand.mat using Guid(e99356e5f310b6645bf8414a88807057) Importer(815301076,1909f56bfc062723c751e8b465ee728b)  -> (artifact id: '1543b808ab04ac56102a979084318a06') in 0.024197 seconds
Number of updated asset objects reloaded before import = 0
Number of asset objects unloaded after import = 1
========================================================================
Received Import Request.
  Time since last request: 0.044955 seconds.
  path: Assets/Solar System/Models/Solar/metal_steel_body.mat
  artifactKey: Guid(a9766cd06c34bf04a8c3ae05618a4226) Importer(815301076,1909f56bfc062723c751e8b465ee728b)
Start importing Assets/Solar System/Models/Solar/metal_steel_body.mat using Guid(a9766cd06c34bf04a8c3ae05618a4226) Importer(815301076,1909f56bfc062723c751e8b465ee728b)  -> (artifact id: '867511014fbc6ccd96e9029a0b93dc33') in 0.024932 seconds
Number of updated asset objects reloaded before import = 0
Number of asset objects unloaded after import = 1
========================================================================
Received Import Request.
  Time since last request: 140.595553 seconds.
  path: Assets/Solar System/Models/Solar/New Material.mat
  artifactKey: Guid(17e84ee218cb9a146932a34c4d2ebc7f) Importer(815301076,1909f56bfc062723c751e8b465ee728b)
Start importing Assets/Solar System/Models/Solar/New Material.mat using Guid(17e84ee218cb9a146932a34c4d2ebc7f) Importer(815301076,1909f56bfc062723c751e8b465ee728b)  -> (artifact id: '57b1c3c9aba1b240da432b6bd1ad0a9a') in 0.023532 seconds
Number of updated asset objects reloaded before import = 0
Number of asset objects unloaded after import = 1
========================================================================
Received Import Request.
  Time since last request: 15.543403 seconds.
  path: Assets/Solar System/Models/Solar/Invertor.mat
  artifactKey: Guid(17e84ee218cb9a146932a34c4d2ebc7f) Importer(815301076,1909f56bfc062723c751e8b465ee728b)
Start importing Assets/Solar System/Models/Solar/Invertor.mat using Guid(17e84ee218cb9a146932a34c4d2ebc7f) Importer(815301076,1909f56bfc062723c751e8b465ee728b)  -> (artifact id: '028002c61e8c6def7922dc071ab85543') in 0.023199 seconds
Number of updated asset objects reloaded before import = 0
Number of asset objects unloaded after import = 1
