Using pre-set license
Built from '2022.3/release' branch; Version is '2022.3.18f1 (d29bea25151d) revision 13802474'; Using compiler version '192829333'; Build Type 'Release'
OS: 'Windows 11  (10.0.26100) 64bit CoreSingleLanguage' Language: 'en' Physical Memory: 15712 MB
BatchMode: 1, IsHumanControllingUs: 0, StartBugReporterOnCrash: 0, Is64bit: 1, IsPro: 1

COMMAND LINE ARGUMENTS:
C:\Program Files\Unity\Hub\Editor\2022.3.18f1\Editor\Unity.exe
-adb2
-batchMode
-noUpm
-name
AssetImportWorker6
-projectPath
C:/Users/visha/Desktop/Unity projects/Solar_VR
-logFile
Logs/AssetImportWorker6.log
-srvPort
61612
Successfully changed project path to: C:/Users/visha/Desktop/Unity projects/Solar_VR
C:/Users/visha/Desktop/Unity projects/Solar_VR
[UnityMemory] Configuration Parameters - Can be set up in boot.config
    "memorysetup-bucket-allocator-granularity=16"
    "memorysetup-bucket-allocator-bucket-count=8"
    "memorysetup-bucket-allocator-block-size=33554432"
    "memorysetup-bucket-allocator-block-count=8"
    "memorysetup-main-allocator-block-size=16777216"
    "memorysetup-thread-allocator-block-size=16777216"
    "memorysetup-gfx-main-allocator-block-size=16777216"
    "memorysetup-gfx-thread-allocator-block-size=16777216"
    "memorysetup-cache-allocator-block-size=4194304"
    "memorysetup-typetree-allocator-block-size=2097152"
    "memorysetup-profiler-bucket-allocator-granularity=16"
    "memorysetup-profiler-bucket-allocator-bucket-count=8"
    "memorysetup-profiler-bucket-allocator-block-size=33554432"
    "memorysetup-profiler-bucket-allocator-block-count=8"
    "memorysetup-profiler-allocator-block-size=16777216"
    "memorysetup-profiler-editor-allocator-block-size=1048576"
    "memorysetup-temp-allocator-size-main=16777216"
    "memorysetup-job-temp-allocator-block-size=2097152"
    "memorysetup-job-temp-allocator-block-size-background=1048576"
    "memorysetup-job-temp-allocator-reduction-small-platforms=262144"
    "memorysetup-allocator-temp-initial-block-size-main=262144"
    "memorysetup-allocator-temp-initial-block-size-worker=262144"
    "memorysetup-temp-allocator-size-background-worker=32768"
    "memorysetup-temp-allocator-size-job-worker=262144"
    "memorysetup-temp-allocator-size-preload-manager=33554432"
    "memorysetup-temp-allocator-size-nav-mesh-worker=65536"
    "memorysetup-temp-allocator-size-audio-worker=65536"
    "memorysetup-temp-allocator-size-cloud-worker=32768"
    "memorysetup-temp-allocator-size-gi-baking-worker=262144"
    "memorysetup-temp-allocator-size-gfx=262144"
Player connection [10752] Host "[IP] 10.178.219.183 [Port] 0 [Flags] 2 [Guid] 1553938784 [EditorId] 1553938784 [Version] 1048832 [Id] WindowsEditor(7,LOGAN) [Debug] 1 [PackageName] WindowsEditor [ProjectName] Editor" joined multi-casting on [225.0.0.222:54997]...

Player connection [10752] Host "[IP] 10.178.219.183 [Port] 0 [Flags] 2 [Guid] 1553938784 [EditorId] 1553938784 [Version] 1048832 [Id] WindowsEditor(7,LOGAN) [Debug] 1 [PackageName] WindowsEditor [ProjectName] Editor" joined alternative multi-casting on [225.0.0.222:34997]...

[Physics::Module] Initialized MultithreadedJobDispatcher with 11 workers.
Refreshing native plugins compatible for Editor in 50.34 ms, found 9 plugins.
Preloading 0 native plugins for Editor in 0.00 ms.
Initialize engine version: 2022.3.18f1 (d29bea25151d)
[Subsystems] Discovering subsystems at path C:/Program Files/Unity/Hub/Editor/2022.3.18f1/Editor/Data/Resources/UnitySubsystems
[Subsystems] Discovering subsystems at path C:/Users/visha/Desktop/Unity projects/Solar_VR/Assets
GfxDevice: creating device client; threaded=0; jobified=0
Direct3D:
    Version:  Direct3D 11.0 [level 11.1]
    Renderer: AMD Radeon (TM) Graphics (ID=0x15e7)
    Vendor:   ATI
    VRAM:     7856 MB
    Driver:   31.0.12044.3
Initialize mono
Mono path[0] = 'C:/Program Files/Unity/Hub/Editor/2022.3.18f1/Editor/Data/Managed'
Mono path[1] = 'C:/Program Files/Unity/Hub/Editor/2022.3.18f1/Editor/Data/MonoBleedingEdge/lib/mono/unityjit-win32'
Mono config path = 'C:/Program Files/Unity/Hub/Editor/2022.3.18f1/Editor/Data/MonoBleedingEdge/etc'
Using monoOptions --debugger-agent=transport=dt_socket,embedding=1,server=y,suspend=n,address=127.0.0.1:56220
Begin MonoManager ReloadAssembly
Registering precompiled unity dll's ...
Register platform support module: C:/Program Files/Unity/Hub/Editor/2022.3.18f1/Editor/Data/PlaybackEngines/WebGLSupport/UnityEditor.WebGL.Extensions.dll
Register platform support module: C:/Program Files/Unity/Hub/Editor/2022.3.18f1/Editor/Data/PlaybackEngines/AndroidPlayer/UnityEditor.Android.Extensions.dll
Register platform support module: C:/Program Files/Unity/Hub/Editor/2022.3.18f1/Editor/Data/PlaybackEngines/WindowsStandaloneSupport/UnityEditor.WindowsStandalone.Extensions.dll
Register platform support module: C:/Program Files/Unity/Hub/Editor/2022.3.18f1/Editor/Data/PlaybackEngines/MetroSupport/UnityEditor.UWP.Extensions.dll
Registered in 0.018073 seconds.
- Loaded All Assemblies, in  0.622 seconds
Native extension for UWP target not found
Native extension for WindowsStandalone target not found
Native extension for Android target not found
Android Extension - Scanning For ADB Devices 366 ms
Native extension for WebGL target not found
Mono: successfully reloaded assembly
- Finished resetting the current domain, in  0.938 seconds
Domain Reload Profiling: 1557ms
	BeginReloadAssembly (160ms)
		ExecutionOrderSort (0ms)
		DisableScriptedObjects (0ms)
		BackupInstance (0ms)
		ReleaseScriptingObjects (0ms)
		CreateAndSetChildDomain (1ms)
	RebuildCommonClasses (74ms)
	RebuildNativeTypeToScriptingClass (19ms)
	initialDomainReloadingComplete (152ms)
	LoadAllAssembliesAndSetupDomain (214ms)
		LoadAssemblies (158ms)
		RebuildTransferFunctionScriptingTraits (0ms)
		AnalyzeDomain (210ms)
			TypeCache.Refresh (208ms)
				TypeCache.ScanAssembly (192ms)
			ScanForSourceGeneratedMonoScriptInfo (1ms)
			ResolveRequiredComponents (1ms)
	FinalizeReload (939ms)
		ReleaseScriptCaches (0ms)
		RebuildScriptCaches (0ms)
		SetupLoadedEditorAssemblies (849ms)
			LogAssemblyErrors (0ms)
			InitializePlatformSupportModulesInManaged (546ms)
			SetLoadedEditorAssemblies (7ms)
			RefreshPlugins (0ms)
			BeforeProcessingInitializeOnLoad (3ms)
			ProcessInitializeOnLoadAttributes (221ms)
			ProcessInitializeOnLoadMethodAttributes (72ms)
			AfterProcessingInitializeOnLoad (0ms)
			EditorAssembliesLoaded (0ms)
		ExecutionOrderSort2 (0ms)
		AwakeInstancesAfterBackupRestoration (0ms)
========================================================================
Worker process is ready to serve import requests
Begin MonoManager ReloadAssembly
- Loaded All Assemblies, in  0.838 seconds
Refreshing native plugins compatible for Editor in 18.98 ms, found 9 plugins.
Native extension for UWP target not found
Native extension for WindowsStandalone target not found
Native extension for Android target not found
Native extension for WebGL target not found
Package Manager log level set to [2]
[Package Manager] Server::EnsureServerProcessIsRunning -- launch failed, reason: Unity was launched with the -noUpm command-line argument
[Package Manager] UpmClient::Send -- Unable to send message (not connected to UPM process).
[Package Manager] Cannot connect to Unity Package Manager local server
Mono: successfully reloaded assembly
[Package Manager] Server::EnsureServerProcessIsRunning -- launch failed, reason: Unity was launched with the -noUpm command-line argument
[Package Manager] UpmClient::Send -- Unable to send message (not connected to UPM process).
[Package Manager] Cannot connect to Unity Package Manager local server
[Package Manager] Server::EnsureServerProcessIsRunning -- launch failed, reason: Unity was launched with the -noUpm command-line argument
[Package Manager] UpmClient::Send -- Unable to send message (not connected to UPM process).
[Package Manager] Cannot connect to Unity Package Manager local server
- Finished resetting the current domain, in  0.930 seconds
Domain Reload Profiling: 1763ms
	BeginReloadAssembly (178ms)
		ExecutionOrderSort (0ms)
		DisableScriptedObjects (6ms)
		BackupInstance (0ms)
		ReleaseScriptingObjects (0ms)
		CreateAndSetChildDomain (28ms)
	RebuildCommonClasses (44ms)
	RebuildNativeTypeToScriptingClass (13ms)
	initialDomainReloadingComplete (53ms)
	LoadAllAssembliesAndSetupDomain (544ms)
		LoadAssemblies (391ms)
		RebuildTransferFunctionScriptingTraits (0ms)
		AnalyzeDomain (260ms)
			TypeCache.Refresh (225ms)
				TypeCache.ScanAssembly (208ms)
			ScanForSourceGeneratedMonoScriptInfo (26ms)
			ResolveRequiredComponents (7ms)
	FinalizeReload (931ms)
		ReleaseScriptCaches (0ms)
		RebuildScriptCaches (0ms)
		SetupLoadedEditorAssemblies (728ms)
			LogAssemblyErrors (0ms)
			InitializePlatformSupportModulesInManaged (40ms)
			SetLoadedEditorAssemblies (4ms)
			RefreshPlugins (0ms)
			BeforeProcessingInitializeOnLoad (105ms)
			ProcessInitializeOnLoadAttributes (501ms)
			ProcessInitializeOnLoadMethodAttributes (70ms)
			AfterProcessingInitializeOnLoad (8ms)
			EditorAssembliesLoaded (0ms)
		ExecutionOrderSort2 (0ms)
		AwakeInstancesAfterBackupRestoration (11ms)
Launched and connected shader compiler UnityShaderCompiler.exe after 0.05 seconds
Refreshing native plugins compatible for Editor in 21.76 ms, found 9 plugins.
Preloading 0 native plugins for Editor in 0.00 ms.
Unloading 4532 Unused Serialized files (Serialized files now loaded: 0)
Unloading 83 unused Assets / (76.0 KB). Loaded Objects now: 5016.
Memory consumption went from 160.1 MB to 160.0 MB.
Total: 5.623500 ms (FindLiveObjects: 0.412700 ms CreateObjectMapping: 0.379500 ms MarkObjects: 4.636300 ms  DeleteObjects: 0.193800 ms)

AssetImportParameters requested are different than current active one (requested -> active):
  custom:container-demuxer-ogg: 62fdf1f143b41e24485cea50d1cbac27 -> 
  custom:video-codec-MediaFoundation-h265: 746d11721c4dcdbdad8f713fa42b33f4 -> 
  custom:video-decoder-ogg-theora: a1e56fd34408186e4bbccfd4996cb3dc -> 
  custom:framework-win-MediaFoundation: 216162199b28c13a410421893ffa2e32 -> 
  custom:CustomObjectIndexerAttribute: 6d391050e5a25f67b0a2c618074f2cd9 -> 
  custom:container-demuxer-webm: 4f35f7cbe854078d1ac9338744f61a02 -> 
  custom:container-muxer-webm: aa71ff27fc2769a1b78a27578f13a17b -> 
  custom:video-decoder-webm-vp8: 9c59270c3fd7afecdb556c50c9e8de78 -> 
  custom:SearchIndexIgnoredProperties: e643bd26f0fe6173181afceb89e7c659 -> 
  custom:AudioImporter_EditorPlatform: d09bf68614088b80899f8185d706f6e7 -> 
  custom:video-encoder-webm-vp8: eb34c28f22e8b96e1ab97ce403110664 -> 
  custom:audio-decoder-ogg-vorbis: bf7c407c2cedff20999df2af8eb42d56 -> 
  custom:audio-encoder-webm-vorbis: bf7c407c2cedff20999df2af8eb42d56 -> 
========================================================================
Received Import Request.
  Time since last request: 91965.050728 seconds.
  path: Assets/Solar System/Models/Dril bit/967d8b91f50147adb555192f0e2ee457_RGB_NM_ScrewBit_01.png
  artifactKey: Guid(f66c74f25b5e041488fd7e6b6dea0f9a) Importer(815301076,1909f56bfc062723c751e8b465ee728b)
Start importing Assets/Solar System/Models/Dril bit/967d8b91f50147adb555192f0e2ee457_RGB_NM_ScrewBit_01.png using Guid(f66c74f25b5e041488fd7e6b6dea0f9a) Importer(815301076,1909f56bfc062723c751e8b465ee728b)  -> (artifact id: '75f13f03bbda45498607d94792acc866') in 0.093426 seconds
Number of updated asset objects reloaded before import = 0
Number of asset objects unloaded after import = 2
========================================================================
Received Import Request.
  Time since last request: 158.030183 seconds.
  path: Assets/Solar System/Models/Dril bit/steel.mat
  artifactKey: Guid(49a845769b7d98a459b59a94dfa9c483) Importer(815301076,1909f56bfc062723c751e8b465ee728b)
Start importing Assets/Solar System/Models/Dril bit/steel.mat using Guid(49a845769b7d98a459b59a94dfa9c483) Importer(815301076,1909f56bfc062723c751e8b465ee728b)  -> (artifact id: '13c6d7ae73f3371b8e729f81f95298d5') in 0.087923 seconds
Number of updated asset objects reloaded before import = 0
Number of asset objects unloaded after import = 3
========================================================================
Received Import Request.
  Time since last request: 1.605937 seconds.
  path: Assets/Solar System/Models/Dril bit/steel.mat
  artifactKey: Guid(49a845769b7d98a459b59a94dfa9c483) Importer(815301076,1909f56bfc062723c751e8b465ee728b)
Start importing Assets/Solar System/Models/Dril bit/steel.mat using Guid(49a845769b7d98a459b59a94dfa9c483) Importer(815301076,1909f56bfc062723c751e8b465ee728b)  -> (artifact id: '0f3f4839a38fdd6a37bb3e1c3e33909f') in 0.047246 seconds
Number of updated asset objects reloaded before import = 0
Number of asset objects unloaded after import = 3
========================================================================
Received Import Request.
  Time since last request: 310.162112 seconds.
  path: Assets/Solar System/Models/Dril bit/steel.mat
  artifactKey: Guid(49a845769b7d98a459b59a94dfa9c483) Importer(815301076,1909f56bfc062723c751e8b465ee728b)
Start importing Assets/Solar System/Models/Dril bit/steel.mat using Guid(49a845769b7d98a459b59a94dfa9c483) Importer(815301076,1909f56bfc062723c751e8b465ee728b)  -> (artifact id: 'df049eb553831958e3bcd606f2f80000') in 0.047552 seconds
Number of updated asset objects reloaded before import = 0
Number of asset objects unloaded after import = 3
========================================================================
Received Import Request.
  Time since last request: 2.395922 seconds.
  path: Assets/Solar System/Models/Dril bit/Screw_fiting_mution.mat
  artifactKey: Guid(319877750975d6348bba03995e96398e) Importer(815301076,1909f56bfc062723c751e8b465ee728b)
Start importing Assets/Solar System/Models/Dril bit/Screw_fiting_mution.mat using Guid(319877750975d6348bba03995e96398e) Importer(815301076,1909f56bfc062723c751e8b465ee728b)  -> (artifact id: '658c548017827400a5c98f2616645f6e') in 0.034488 seconds
Number of updated asset objects reloaded before import = 0
Number of asset objects unloaded after import = 3
========================================================================
Received Import Request.
  Time since last request: 34.255391 seconds.
  path: Assets/Solar System/Models/battery/Battery_New.mat
  artifactKey: Guid(1a786e4aef52f9a40a884de5af290259) Importer(815301076,1909f56bfc062723c751e8b465ee728b)
Start importing Assets/Solar System/Models/battery/Battery_New.mat using Guid(1a786e4aef52f9a40a884de5af290259) Importer(815301076,1909f56bfc062723c751e8b465ee728b)  -> (artifact id: '2511b48d95e32ba25645c885b8fe1955') in 0.052784 seconds
Number of updated asset objects reloaded before import = 0
Number of asset objects unloaded after import = 2
========================================================================
Received Import Request.
  Time since last request: 0.000114 seconds.
  path: Assets/Solar System/Models/battery/stiker_02.mat
  artifactKey: Guid(21004788ea7174c4b93cadf9aa4128e6) Importer(815301076,1909f56bfc062723c751e8b465ee728b)
Start importing Assets/Solar System/Models/battery/stiker_02.mat using Guid(21004788ea7174c4b93cadf9aa4128e6) Importer(815301076,1909f56bfc062723c751e8b465ee728b)  -> (artifact id: 'dbeac8b50f08ca07a866c5451763ce4d') in 0.024379 seconds
Number of updated asset objects reloaded before import = 0
Number of asset objects unloaded after import = 2
========================================================================
Received Import Request.
  Time since last request: 35.616833 seconds.
  path: Assets/Solar System/Models/battery/93ab7be0d35b4b63bcfbdd5c416c2e12_N_TBattery_New_Normal.png
  artifactKey: Guid(1040e5e97a7f0e3488ddd61844ba55c4) Importer(815301076,1909f56bfc062723c751e8b465ee728b)
Start importing Assets/Solar System/Models/battery/93ab7be0d35b4b63bcfbdd5c416c2e12_N_TBattery_New_Normal.png using Guid(1040e5e97a7f0e3488ddd61844ba55c4) Importer(815301076,1909f56bfc062723c751e8b465ee728b)  -> (artifact id: 'ce8f8598800f03d6c4e49414bdc48b08') in 0.017846 seconds
Number of updated asset objects reloaded before import = 0
Number of asset objects unloaded after import = 2
========================================================================
Received Import Request.
  Time since last request: 0.004229 seconds.
  path: Assets/Solar System/Models/battery/TBattery_New_Base_color.png
  artifactKey: Guid(de35926e009b12e44a0d86ad6af511d5) Importer(815301076,1909f56bfc062723c751e8b465ee728b)
Start importing Assets/Solar System/Models/battery/TBattery_New_Base_color.png using Guid(de35926e009b12e44a0d86ad6af511d5) Importer(815301076,1909f56bfc062723c751e8b465ee728b)  -> (artifact id: '35746f0f2c095d60d1f2a0f43fd2c3f5') in 0.029720 seconds
Number of updated asset objects reloaded before import = 0
Number of asset objects unloaded after import = 2
========================================================================
Received Import Request.
  Time since last request: 0.000019 seconds.
  path: Assets/Solar System/Models/battery/fb73612abbf049c698d55ff476360c1b_RGB_Sticker_New_2_Base_color.png
  artifactKey: Guid(46a0dc9fdcc35014389923785b5c7322) Importer(815301076,1909f56bfc062723c751e8b465ee728b)
Start importing Assets/Solar System/Models/battery/fb73612abbf049c698d55ff476360c1b_RGB_Sticker_New_2_Base_color.png using Guid(46a0dc9fdcc35014389923785b5c7322) Importer(815301076,1909f56bfc062723c751e8b465ee728b)  -> (artifact id: '0b2c59ae1a5b0e0e027ef39ed020f088') in 0.029380 seconds
Number of updated asset objects reloaded before import = 0
Number of asset objects unloaded after import = 2
========================================================================
Received Import Request.
  Time since last request: 408.078102 seconds.
  path: Assets/Solar System/Models/battery/stiker_02.mat
  artifactKey: Guid(21004788ea7174c4b93cadf9aa4128e6) Importer(815301076,1909f56bfc062723c751e8b465ee728b)
Start importing Assets/Solar System/Models/battery/stiker_02.mat using Guid(21004788ea7174c4b93cadf9aa4128e6) Importer(815301076,1909f56bfc062723c751e8b465ee728b)  -> (artifact id: '353e705154a2fbd8207799be8cc012ee') in 0.038412 seconds
Number of updated asset objects reloaded before import = 0
Number of asset objects unloaded after import = 3
========================================================================
Received Import Request.
  Time since last request: 11.376646 seconds.
  path: Assets/Solar System/Models/battery/S1_New.mat
  artifactKey: Guid(10a8caa403e16f24481d2768c7390b37) Importer(815301076,1909f56bfc062723c751e8b465ee728b)
Start importing Assets/Solar System/Models/battery/S1_New.mat using Guid(10a8caa403e16f24481d2768c7390b37) Importer(815301076,1909f56bfc062723c751e8b465ee728b)  -> (artifact id: 'd781c5072271c2ab0d274a1516b50330') in 0.032709 seconds
Number of updated asset objects reloaded before import = 0
Number of asset objects unloaded after import = 3
========================================================================
Received Import Request.
  Time since last request: 0.029663 seconds.
  path: Assets/Solar System/Models/battery/93ab7be0d35b4b63bcfbdd5c416c2e12_N_TBattery_New_Normal.png
  artifactKey: Guid(1040e5e97a7f0e3488ddd61844ba55c4) Importer(815301076,1909f56bfc062723c751e8b465ee728b)
Start importing Assets/Solar System/Models/battery/93ab7be0d35b4b63bcfbdd5c416c2e12_N_TBattery_New_Normal.png using Guid(1040e5e97a7f0e3488ddd61844ba55c4) Importer(815301076,1909f56bfc062723c751e8b465ee728b)  -> (artifact id: '41c369e8c547606509ceb868c7524485') in 0.026085 seconds
Number of updated asset objects reloaded before import = 0
Number of asset objects unloaded after import = 2
========================================================================
Received Import Request.
  Time since last request: 2.005382 seconds.
  path: Assets/Solar System/Models/bettry.fbx
  artifactKey: Guid(ad6fe49216dc091469f1788d94f07bbd) Importer(815301076,1909f56bfc062723c751e8b465ee728b)
Start importing Assets/Solar System/Models/bettry.fbx using Guid(ad6fe49216dc091469f1788d94f07bbd) Importer(815301076,1909f56bfc062723c751e8b465ee728b)  -> (artifact id: 'c3dffdd8df365c9f13f6816e9d711d94') in 0.107042 seconds
Number of updated asset objects reloaded before import = 0
Number of asset objects unloaded after import = 28
========================================================================
Received Import Request.
  Time since last request: 14.421296 seconds.
  path: Assets/Solar System/Models/bolt
  artifactKey: Guid(9a233c2b53d90954ea90a29c406cabf4) Importer(815301076,1909f56bfc062723c751e8b465ee728b)
Start importing Assets/Solar System/Models/bolt using Guid(9a233c2b53d90954ea90a29c406cabf4) Importer(815301076,1909f56bfc062723c751e8b465ee728b)  -> (artifact id: '197d017f7fcfaff88a902e0e9ea4683c') in 0.001047 seconds
Number of updated asset objects reloaded before import = 0
Number of asset objects unloaded after import = 0
========================================================================
Received Import Request.
  Time since last request: 0.090903 seconds.
  path: Assets/Solar System/Models/bolt/lambert1.mat
  artifactKey: Guid(02f3db6b3c0499d4a870eec12834b5bf) Importer(815301076,1909f56bfc062723c751e8b465ee728b)
Start importing Assets/Solar System/Models/bolt/lambert1.mat using Guid(02f3db6b3c0499d4a870eec12834b5bf) Importer(815301076,1909f56bfc062723c751e8b465ee728b)  -> (artifact id: '7a53dce19c9124ec94fa889e438988b0') in 0.024112 seconds
Number of updated asset objects reloaded before import = 0
Number of asset objects unloaded after import = 1
========================================================================
Received Import Request.
  Time since last request: 70.182770 seconds.
  path: Assets/Solar System/Models/bolt/lambert1.mat
  artifactKey: Guid(02f3db6b3c0499d4a870eec12834b5bf) Importer(815301076,1909f56bfc062723c751e8b465ee728b)
Start importing Assets/Solar System/Models/bolt/lambert1.mat using Guid(02f3db6b3c0499d4a870eec12834b5bf) Importer(815301076,1909f56bfc062723c751e8b465ee728b)  -> (artifact id: '59722eb210212b2d3e1ae4111e2062a6') in 0.042659 seconds
Number of updated asset objects reloaded before import = 0
Number of asset objects unloaded after import = 1
========================================================================
Received Import Request.
  Time since last request: 9.233419 seconds.
  path: Assets/Solar System/Models/bolt.fbx
  artifactKey: Guid(40a7b1d6fd5b3ee439713bf0de5f9be3) Importer(815301076,1909f56bfc062723c751e8b465ee728b)
Start importing Assets/Solar System/Models/bolt.fbx using Guid(40a7b1d6fd5b3ee439713bf0de5f9be3) Importer(815301076,1909f56bfc062723c751e8b465ee728b)  -> (artifact id: '7486431a50f7f5a250ec29588555af2b') in 0.081162 seconds
Number of updated asset objects reloaded before import = 0
Number of asset objects unloaded after import = 18
========================================================================
Received Import Request.
  Time since last request: 23.177374 seconds.
  path: Assets/Solar System/Models/Chpla.fbx
  artifactKey: Guid(430705ef2ea993a478d2ea26937f5bc4) Importer(815301076,1909f56bfc062723c751e8b465ee728b)
Start importing Assets/Solar System/Models/Chpla.fbx using Guid(430705ef2ea993a478d2ea26937f5bc4) Importer(815301076,1909f56bfc062723c751e8b465ee728b)  -> (artifact id: '6967af14af2cb7ef508bae9fe48e4e36') in 0.043545 seconds
Number of updated asset objects reloaded before import = 0
Number of asset objects unloaded after import = 8
========================================================================
Received Import Request.
  Time since last request: 9.228728 seconds.
  path: Assets/Solar System/Models/Chpla.fbx
  artifactKey: Guid(430705ef2ea993a478d2ea26937f5bc4) Importer(815301076,1909f56bfc062723c751e8b465ee728b)
Start importing Assets/Solar System/Models/Chpla.fbx using Guid(430705ef2ea993a478d2ea26937f5bc4) Importer(815301076,1909f56bfc062723c751e8b465ee728b)  -> (artifact id: 'b788fa4a24ad7db86f072f1defb0b731') in 0.033927 seconds
Number of updated asset objects reloaded before import = 0
Number of asset objects unloaded after import = 8
========================================================================
Received Import Request.
  Time since last request: 9.974056 seconds.
  path: Assets/Solar System/Models/chpla
  artifactKey: Guid(83b518234a7773345819df71b35d12aa) Importer(815301076,1909f56bfc062723c751e8b465ee728b)
Start importing Assets/Solar System/Models/chpla using Guid(83b518234a7773345819df71b35d12aa) Importer(815301076,1909f56bfc062723c751e8b465ee728b)  -> (artifact id: 'a01d53e9340f4bb1a27373a2541eb691') in 0.000875 seconds
Number of updated asset objects reloaded before import = 0
Number of asset objects unloaded after import = 0
========================================================================
Received Import Request.
  Time since last request: 0.095084 seconds.
  path: Assets/Solar System/Models/chpla/Wiring_Base_color.png
  artifactKey: Guid(e0086384876ca014fa7a1d9466067d52) Importer(815301076,1909f56bfc062723c751e8b465ee728b)
Start importing Assets/Solar System/Models/chpla/Wiring_Base_color.png using Guid(e0086384876ca014fa7a1d9466067d52) Importer(815301076,1909f56bfc062723c751e8b465ee728b)  -> (artifact id: '36176eae8e1487f3da3d2fdf762fe692') in 0.044011 seconds
Number of updated asset objects reloaded before import = 0
Number of asset objects unloaded after import = 2
========================================================================
Received Import Request.
  Time since last request: 13.646676 seconds.
  path: Assets/Solar System/Models/chpla/Wiring.mat
  artifactKey: Guid(1dd635d314efe6849a840e3977e4e481) Importer(815301076,1909f56bfc062723c751e8b465ee728b)
Start importing Assets/Solar System/Models/chpla/Wiring.mat using Guid(1dd635d314efe6849a840e3977e4e481) Importer(815301076,1909f56bfc062723c751e8b465ee728b)  -> (artifact id: '696cfc8f60a239a15c4db77d86f13ee0') in 0.029805 seconds
Number of updated asset objects reloaded before import = 0
Number of asset objects unloaded after import = 3
========================================================================
Received Import Request.
  Time since last request: 2.049986 seconds.
  path: Assets/Solar System/Models/chpla/Wiring.mat
  artifactKey: Guid(1dd635d314efe6849a840e3977e4e481) Importer(815301076,1909f56bfc062723c751e8b465ee728b)
Start importing Assets/Solar System/Models/chpla/Wiring.mat using Guid(1dd635d314efe6849a840e3977e4e481) Importer(815301076,1909f56bfc062723c751e8b465ee728b)  -> (artifact id: 'aec5287b20b76b5424ab16d67414faa0') in 0.054585 seconds
Number of updated asset objects reloaded before import = 0
Number of asset objects unloaded after import = 3
========================================================================
Received Import Request.
  Time since last request: 13.906673 seconds.
  path: Assets/Solar System/Models/chpla/Wiring.mat
  artifactKey: Guid(1dd635d314efe6849a840e3977e4e481) Importer(815301076,1909f56bfc062723c751e8b465ee728b)
Start importing Assets/Solar System/Models/chpla/Wiring.mat using Guid(1dd635d314efe6849a840e3977e4e481) Importer(815301076,1909f56bfc062723c751e8b465ee728b)  -> (artifact id: '978fef20403b223657130b11f16aa938') in 0.026205 seconds
Number of updated asset objects reloaded before import = 0
Number of asset objects unloaded after import = 3
========================================================================
Received Import Request.
  Time since last request: 24.114491 seconds.
  path: Assets/Solar System/Models/Chpla.fbx
  artifactKey: Guid(430705ef2ea993a478d2ea26937f5bc4) Importer(815301076,1909f56bfc062723c751e8b465ee728b)
Start importing Assets/Solar System/Models/Chpla.fbx using Guid(430705ef2ea993a478d2ea26937f5bc4) Importer(815301076,1909f56bfc062723c751e8b465ee728b)  -> (artifact id: 'f6b23e9dc83277308f862aaeea126ec8') in 0.031825 seconds
Number of updated asset objects reloaded before import = 0
Number of asset objects unloaded after import = 10
========================================================================
Received Import Request.
  Time since last request: 16.417130 seconds.
  path: Assets/Solar System/Models/Desk.fbx
  artifactKey: Guid(4bb4775f6d114e84ebb6fe3e7e411d39) Importer(815301076,1909f56bfc062723c751e8b465ee728b)
Start importing Assets/Solar System/Models/Desk.fbx using Guid(4bb4775f6d114e84ebb6fe3e7e411d39) Importer(815301076,1909f56bfc062723c751e8b465ee728b)  -> (artifact id: 'bbf6cc032a23344eb81e8beee6fd98e0') in 0.128212 seconds
Number of updated asset objects reloaded before import = 0
Number of asset objects unloaded after import = 50
========================================================================
Received Import Request.
  Time since last request: 9.236149 seconds.
  path: Assets/Solar System/Models/Desk.fbx
  artifactKey: Guid(4bb4775f6d114e84ebb6fe3e7e411d39) Importer(815301076,1909f56bfc062723c751e8b465ee728b)
Start importing Assets/Solar System/Models/Desk.fbx using Guid(4bb4775f6d114e84ebb6fe3e7e411d39) Importer(815301076,1909f56bfc062723c751e8b465ee728b)  -> (artifact id: '56a2632bc734d3b3ce323e3957b3a3fb') in 0.123485 seconds
Number of updated asset objects reloaded before import = 0
Number of asset objects unloaded after import = 50
========================================================================
Received Import Request.
  Time since last request: 8.940367 seconds.
  path: Assets/Solar System/Models/Desk
  artifactKey: Guid(d9c3a9a8641f1704e949810ca102bd12) Importer(815301076,1909f56bfc062723c751e8b465ee728b)
Start importing Assets/Solar System/Models/Desk using Guid(d9c3a9a8641f1704e949810ca102bd12) Importer(815301076,1909f56bfc062723c751e8b465ee728b)  -> (artifact id: 'c12b08a21ca9155517b679f1dc23b6ef') in 0.000636 seconds
Number of updated asset objects reloaded before import = 0
Number of asset objects unloaded after import = 0
========================================================================
Received Import Request.
  Time since last request: 0.068161 seconds.
  path: Assets/Solar System/Models/Desk/Stylized_Desk_01.mat
  artifactKey: Guid(7127cff670cdaab4ab7dd81c81c0e96f) Importer(815301076,1909f56bfc062723c751e8b465ee728b)
Start importing Assets/Solar System/Models/Desk/Stylized_Desk_01.mat using Guid(7127cff670cdaab4ab7dd81c81c0e96f) Importer(815301076,1909f56bfc062723c751e8b465ee728b)  -> (artifact id: 'c90fa21c268175ae92b63e1fb20e6a4d') in 0.033417 seconds
Number of updated asset objects reloaded before import = 0
Number of asset objects unloaded after import = 1
========================================================================
Received Import Request.
  Time since last request: 0.000029 seconds.
  path: Assets/Solar System/Models/Desk/Stylized_Desk_Normal.tga
  artifactKey: Guid(f7f4a4e4d0d82f24b9153b6cf4a71ae6) Importer(815301076,1909f56bfc062723c751e8b465ee728b)
Start importing Assets/Solar System/Models/Desk/Stylized_Desk_Normal.tga using Guid(f7f4a4e4d0d82f24b9153b6cf4a71ae6) Importer(815301076,1909f56bfc062723c751e8b465ee728b)  -> (artifact id: '4a1c84e87c045d14f81e8e3aa11481c2') in 0.028911 seconds
Number of updated asset objects reloaded before import = 0
Number of asset objects unloaded after import = 2
========================================================================
Received Import Request.
  Time since last request: 0.000040 seconds.
  path: Assets/Solar System/Models/Desk/Stylized_Desk_Roughness.tga
  artifactKey: Guid(6e5ba36be7fbb5644b75c882f1125cb4) Importer(815301076,1909f56bfc062723c751e8b465ee728b)
Start importing Assets/Solar System/Models/Desk/Stylized_Desk_Roughness.tga using Guid(6e5ba36be7fbb5644b75c882f1125cb4) Importer(815301076,1909f56bfc062723c751e8b465ee728b)  -> (artifact id: '12fa47d355a5a2bec3a4bc8dc4d7dd95') in 0.047445 seconds
Number of updated asset objects reloaded before import = 0
Number of asset objects unloaded after import = 2
========================================================================
Received Import Request.
  Time since last request: 294.752131 seconds.
  path: Assets/Solar System/Models/Dhankna/box_11_unwrapped_Material_Normal.png
  artifactKey: Guid(b2fcecd775e07d446929bbb5db043068) Importer(815301076,1909f56bfc062723c751e8b465ee728b)
Start importing Assets/Solar System/Models/Dhankna/box_11_unwrapped_Material_Normal.png using Guid(b2fcecd775e07d446929bbb5db043068) Importer(815301076,1909f56bfc062723c751e8b465ee728b)  -> (artifact id: '1b44b69524948324a06316b2d260eb36') in 0.046201 seconds
Number of updated asset objects reloaded before import = 0
Number of asset objects unloaded after import = 2
========================================================================
Received Import Request.
  Time since last request: 32.325937 seconds.
  path: Assets/Solar System/Models/Dhankna/Material.mat
  artifactKey: Guid(a673bfc9a8a84084b9488e67301f941b) Importer(815301076,1909f56bfc062723c751e8b465ee728b)
Start importing Assets/Solar System/Models/Dhankna/Material.mat using Guid(a673bfc9a8a84084b9488e67301f941b) Importer(815301076,1909f56bfc062723c751e8b465ee728b)  -> (artifact id: 'cc1a42d8057cf206d8a451858c9c73a8') in 0.032221 seconds
Number of updated asset objects reloaded before import = 0
Number of asset objects unloaded after import = 3
========================================================================
Received Import Request.
  Time since last request: 196.000544 seconds.
  path: Assets/Solar System/Models/MCB/AVT_1P_AVT-1P_BaseColor 1.png
  artifactKey: Guid(f4409b0821c1b26499a37d790d6df000) Importer(815301076,1909f56bfc062723c751e8b465ee728b)
Start importing Assets/Solar System/Models/MCB/AVT_1P_AVT-1P_BaseColor 1.png using Guid(f4409b0821c1b26499a37d790d6df000) Importer(815301076,1909f56bfc062723c751e8b465ee728b)  -> (artifact id: 'f5dea2c26c333a8f8919a454936fba66') in 0.049853 seconds
Number of updated asset objects reloaded before import = 0
Number of asset objects unloaded after import = 2
========================================================================
Received Import Request.
  Time since last request: 0.000025 seconds.
  path: Assets/Solar System/Models/MCB/what-is-a-wire-tech-guide.jpg
  artifactKey: Guid(90af80fafff02fd4097cd93caba90026) Importer(815301076,1909f56bfc062723c751e8b465ee728b)
Start importing Assets/Solar System/Models/MCB/what-is-a-wire-tech-guide.jpg using Guid(90af80fafff02fd4097cd93caba90026) Importer(815301076,1909f56bfc062723c751e8b465ee728b)  -> (artifact id: '4afe31a7451403a6c22a1a992f86c460') in 0.044964 seconds
Number of updated asset objects reloaded before import = 0
Number of asset objects unloaded after import = 2
========================================================================
Received Import Request.
  Time since last request: 0.000061 seconds.
  path: Assets/Solar System/Models/MCB/blinn17.mat
  artifactKey: Guid(7cba2f82bf491ff4d8b593a8c72797cc) Importer(815301076,1909f56bfc062723c751e8b465ee728b)
Start importing Assets/Solar System/Models/MCB/blinn17.mat using Guid(7cba2f82bf491ff4d8b593a8c72797cc) Importer(815301076,1909f56bfc062723c751e8b465ee728b)  -> (artifact id: 'ed3f75e12aca61b4d8dd10c2d7af2b13') in 0.029248 seconds
Number of updated asset objects reloaded before import = 0
Number of asset objects unloaded after import = 1
========================================================================
Received Import Request.
  Time since last request: 44.710851 seconds.
  path: Assets/Solar System/Models/MCB/AVT_1P_AVT-1P_Normal.png
  artifactKey: Guid(f729c33baa0d78543a960f29b222b4b2) Importer(815301076,1909f56bfc062723c751e8b465ee728b)
Start importing Assets/Solar System/Models/MCB/AVT_1P_AVT-1P_Normal.png using Guid(f729c33baa0d78543a960f29b222b4b2) Importer(815301076,1909f56bfc062723c751e8b465ee728b)  -> (artifact id: '9ac4f060538fcea95b8c49e09fc4ed72') in 0.021045 seconds
Number of updated asset objects reloaded before import = 0
Number of asset objects unloaded after import = 2
Editor requested this worker to shutdown with reason: Scaling down because of idle timeout
TcpMessagingSession - receive error
AssetImportWorkerClient::OnTransportError - code=2 error=End of file
AssetImportWorker is now disconnected from the server
Process exiting
Exiting without the bug reporter. Application will terminate with return code 0