Using pre-set license
Built from '2022.3/release' branch; Version is '2022.3.18f1 (d29bea25151d) revision 13802474'; Using compiler version '192829333'; Build Type 'Release'
OS: 'Windows 11  (10.0.26100) 64bit CoreSingleLanguage' Language: 'en' Physical Memory: 15712 MB
BatchMode: 1, IsHumanControllingUs: 0, StartBugReporterOnCrash: 0, Is64bit: 1, IsPro: 1

COMMAND LINE ARGUMENTS:
C:\Program Files\Unity\Hub\Editor\2022.3.18f1\Editor\Unity.exe
-adb2
-batchMode
-noUpm
-name
AssetImportWorker9
-projectPath
C:/Users/visha/Desktop/Unity projects/Solar_VR
-logFile
Logs/AssetImportWorker9.log
-srvPort
61612
Successfully changed project path to: C:/Users/visha/Desktop/Unity projects/Solar_VR
C:/Users/visha/Desktop/Unity projects/Solar_VR
[UnityMemory] Configuration Parameters - Can be set up in boot.config
    "memorysetup-bucket-allocator-granularity=16"
    "memorysetup-bucket-allocator-bucket-count=8"
    "memorysetup-bucket-allocator-block-size=33554432"
    "memorysetup-bucket-allocator-block-count=8"
    "memorysetup-main-allocator-block-size=16777216"
    "memorysetup-thread-allocator-block-size=16777216"
    "memorysetup-gfx-main-allocator-block-size=16777216"
    "memorysetup-gfx-thread-allocator-block-size=16777216"
    "memorysetup-cache-allocator-block-size=4194304"
    "memorysetup-typetree-allocator-block-size=2097152"
    "memorysetup-profiler-bucket-allocator-granularity=16"
    "memorysetup-profiler-bucket-allocator-bucket-count=8"
    "memorysetup-profiler-bucket-allocator-block-size=33554432"
    "memorysetup-profiler-bucket-allocator-block-count=8"
    "memorysetup-profiler-allocator-block-size=16777216"
    "memorysetup-profiler-editor-allocator-block-size=1048576"
    "memorysetup-temp-allocator-size-main=16777216"
    "memorysetup-job-temp-allocator-block-size=2097152"
    "memorysetup-job-temp-allocator-block-size-background=1048576"
    "memorysetup-job-temp-allocator-reduction-small-platforms=262144"
    "memorysetup-allocator-temp-initial-block-size-main=262144"
    "memorysetup-allocator-temp-initial-block-size-worker=262144"
    "memorysetup-temp-allocator-size-background-worker=32768"
    "memorysetup-temp-allocator-size-job-worker=262144"
    "memorysetup-temp-allocator-size-preload-manager=33554432"
    "memorysetup-temp-allocator-size-nav-mesh-worker=65536"
    "memorysetup-temp-allocator-size-audio-worker=65536"
    "memorysetup-temp-allocator-size-cloud-worker=32768"
    "memorysetup-temp-allocator-size-gi-baking-worker=262144"
    "memorysetup-temp-allocator-size-gfx=262144"
Player connection [26052] Host "[IP] 10.178.219.183 [Port] 0 [Flags] 2 [Guid] 2896028603 [EditorId] 2896028603 [Version] 1048832 [Id] WindowsEditor(7,LOGAN) [Debug] 1 [PackageName] WindowsEditor [ProjectName] Editor" joined multi-casting on [225.0.0.222:54997]...

Player connection [26052] Host "[IP] 10.178.219.183 [Port] 0 [Flags] 2 [Guid] 2896028603 [EditorId] 2896028603 [Version] 1048832 [Id] WindowsEditor(7,LOGAN) [Debug] 1 [PackageName] WindowsEditor [ProjectName] Editor" joined alternative multi-casting on [225.0.0.222:34997]...

[Physics::Module] Initialized MultithreadedJobDispatcher with 11 workers.
Refreshing native plugins compatible for Editor in 45.27 ms, found 9 plugins.
Preloading 0 native plugins for Editor in 0.00 ms.
Initialize engine version: 2022.3.18f1 (d29bea25151d)
[Subsystems] Discovering subsystems at path C:/Program Files/Unity/Hub/Editor/2022.3.18f1/Editor/Data/Resources/UnitySubsystems
[Subsystems] Discovering subsystems at path C:/Users/visha/Desktop/Unity projects/Solar_VR/Assets
GfxDevice: creating device client; threaded=0; jobified=0
Direct3D:
    Version:  Direct3D 11.0 [level 11.1]
    Renderer: AMD Radeon (TM) Graphics (ID=0x15e7)
    Vendor:   ATI
    VRAM:     7856 MB
    Driver:   31.0.12044.3
Initialize mono
Mono path[0] = 'C:/Program Files/Unity/Hub/Editor/2022.3.18f1/Editor/Data/Managed'
Mono path[1] = 'C:/Program Files/Unity/Hub/Editor/2022.3.18f1/Editor/Data/MonoBleedingEdge/lib/mono/unityjit-win32'
Mono config path = 'C:/Program Files/Unity/Hub/Editor/2022.3.18f1/Editor/Data/MonoBleedingEdge/etc'
Using monoOptions --debugger-agent=transport=dt_socket,embedding=1,server=y,suspend=n,address=127.0.0.1:56516
Begin MonoManager ReloadAssembly
Registering precompiled unity dll's ...
Register platform support module: C:/Program Files/Unity/Hub/Editor/2022.3.18f1/Editor/Data/PlaybackEngines/WebGLSupport/UnityEditor.WebGL.Extensions.dll
Register platform support module: C:/Program Files/Unity/Hub/Editor/2022.3.18f1/Editor/Data/PlaybackEngines/AndroidPlayer/UnityEditor.Android.Extensions.dll
Register platform support module: C:/Program Files/Unity/Hub/Editor/2022.3.18f1/Editor/Data/PlaybackEngines/WindowsStandaloneSupport/UnityEditor.WindowsStandalone.Extensions.dll
Register platform support module: C:/Program Files/Unity/Hub/Editor/2022.3.18f1/Editor/Data/PlaybackEngines/MetroSupport/UnityEditor.UWP.Extensions.dll
Registered in 0.055243 seconds.
- Loaded All Assemblies, in  0.642 seconds
Native extension for UWP target not found
Native extension for WindowsStandalone target not found
Native extension for Android target not found
Android Extension - Scanning For ADB Devices 476 ms
Native extension for WebGL target not found
Mono: successfully reloaded assembly
- Finished resetting the current domain, in  1.055 seconds
Domain Reload Profiling: 1695ms
	BeginReloadAssembly (170ms)
		ExecutionOrderSort (0ms)
		DisableScriptedObjects (0ms)
		BackupInstance (0ms)
		ReleaseScriptingObjects (0ms)
		CreateAndSetChildDomain (1ms)
	RebuildCommonClasses (60ms)
	RebuildNativeTypeToScriptingClass (14ms)
	initialDomainReloadingComplete (147ms)
	LoadAllAssembliesAndSetupDomain (249ms)
		LoadAssemblies (169ms)
		RebuildTransferFunctionScriptingTraits (0ms)
		AnalyzeDomain (244ms)
			TypeCache.Refresh (242ms)
				TypeCache.ScanAssembly (220ms)
			ScanForSourceGeneratedMonoScriptInfo (1ms)
			ResolveRequiredComponents (1ms)
	FinalizeReload (1055ms)
		ReleaseScriptCaches (0ms)
		RebuildScriptCaches (0ms)
		SetupLoadedEditorAssemblies (955ms)
			LogAssemblyErrors (0ms)
			InitializePlatformSupportModulesInManaged (664ms)
			SetLoadedEditorAssemblies (5ms)
			RefreshPlugins (0ms)
			BeforeProcessingInitializeOnLoad (3ms)
			ProcessInitializeOnLoadAttributes (194ms)
			ProcessInitializeOnLoadMethodAttributes (88ms)
			AfterProcessingInitializeOnLoad (0ms)
			EditorAssembliesLoaded (0ms)
		ExecutionOrderSort2 (0ms)
		AwakeInstancesAfterBackupRestoration (0ms)
========================================================================
Worker process is ready to serve import requests
Begin MonoManager ReloadAssembly
- Loaded All Assemblies, in  0.987 seconds
Refreshing native plugins compatible for Editor in 21.77 ms, found 9 plugins.
Native extension for UWP target not found
Native extension for WindowsStandalone target not found
Native extension for Android target not found
Native extension for WebGL target not found
Package Manager log level set to [2]
[Package Manager] Server::EnsureServerProcessIsRunning -- launch failed, reason: Unity was launched with the -noUpm command-line argument
[Package Manager] UpmClient::Send -- Unable to send message (not connected to UPM process).
[Package Manager] Cannot connect to Unity Package Manager local server
Mono: successfully reloaded assembly
[Package Manager] Server::EnsureServerProcessIsRunning -- launch failed, reason: Unity was launched with the -noUpm command-line argument
[Package Manager] UpmClient::Send -- Unable to send message (not connected to UPM process).
[Package Manager] Cannot connect to Unity Package Manager local server
[Package Manager] Server::EnsureServerProcessIsRunning -- launch failed, reason: Unity was launched with the -noUpm command-line argument
[Package Manager] UpmClient::Send -- Unable to send message (not connected to UPM process).
[Package Manager] Cannot connect to Unity Package Manager local server
- Finished resetting the current domain, in  0.950 seconds
Domain Reload Profiling: 1932ms
	BeginReloadAssembly (208ms)
		ExecutionOrderSort (0ms)
		DisableScriptedObjects (8ms)
		BackupInstance (0ms)
		ReleaseScriptingObjects (0ms)
		CreateAndSetChildDomain (31ms)
	RebuildCommonClasses (55ms)
	RebuildNativeTypeToScriptingClass (15ms)
	initialDomainReloadingComplete (70ms)
	LoadAllAssembliesAndSetupDomain (634ms)
		LoadAssemblies (489ms)
		RebuildTransferFunctionScriptingTraits (0ms)
		AnalyzeDomain (268ms)
			TypeCache.Refresh (229ms)
				TypeCache.ScanAssembly (208ms)
			ScanForSourceGeneratedMonoScriptInfo (29ms)
			ResolveRequiredComponents (8ms)
	FinalizeReload (951ms)
		ReleaseScriptCaches (0ms)
		RebuildScriptCaches (0ms)
		SetupLoadedEditorAssemblies (724ms)
			LogAssemblyErrors (0ms)
			InitializePlatformSupportModulesInManaged (41ms)
			SetLoadedEditorAssemblies (5ms)
			RefreshPlugins (0ms)
			BeforeProcessingInitializeOnLoad (104ms)
			ProcessInitializeOnLoadAttributes (488ms)
			ProcessInitializeOnLoadMethodAttributes (75ms)
			AfterProcessingInitializeOnLoad (11ms)
			EditorAssembliesLoaded (0ms)
		ExecutionOrderSort2 (0ms)
		AwakeInstancesAfterBackupRestoration (12ms)
Launched and connected shader compiler UnityShaderCompiler.exe after 0.06 seconds
Refreshing native plugins compatible for Editor in 22.88 ms, found 9 plugins.
Preloading 0 native plugins for Editor in 0.00 ms.
Unloading 4532 Unused Serialized files (Serialized files now loaded: 0)
Unloading 83 unused Assets / (76.0 KB). Loaded Objects now: 5016.
Memory consumption went from 160.0 MB to 160.0 MB.
Total: 4.412300 ms (FindLiveObjects: 0.434000 ms CreateObjectMapping: 0.202600 ms MarkObjects: 3.589800 ms  DeleteObjects: 0.184800 ms)

AssetImportParameters requested are different than current active one (requested -> active):
  custom:container-demuxer-ogg: 62fdf1f143b41e24485cea50d1cbac27 -> 
  custom:video-codec-MediaFoundation-h265: 746d11721c4dcdbdad8f713fa42b33f4 -> 
  custom:video-decoder-ogg-theora: a1e56fd34408186e4bbccfd4996cb3dc -> 
  custom:framework-win-MediaFoundation: 216162199b28c13a410421893ffa2e32 -> 
  custom:CustomObjectIndexerAttribute: 6d391050e5a25f67b0a2c618074f2cd9 -> 
  custom:container-demuxer-webm: 4f35f7cbe854078d1ac9338744f61a02 -> 
  custom:container-muxer-webm: aa71ff27fc2769a1b78a27578f13a17b -> 
  custom:video-decoder-webm-vp8: 9c59270c3fd7afecdb556c50c9e8de78 -> 
  custom:SearchIndexIgnoredProperties: e643bd26f0fe6173181afceb89e7c659 -> 
  custom:AudioImporter_EditorPlatform: d09bf68614088b80899f8185d706f6e7 -> 
  custom:video-encoder-webm-vp8: eb34c28f22e8b96e1ab97ce403110664 -> 
  custom:audio-decoder-ogg-vorbis: bf7c407c2cedff20999df2af8eb42d56 -> 
  custom:audio-encoder-webm-vorbis: bf7c407c2cedff20999df2af8eb42d56 -> 
========================================================================
Received Import Request.
  Time since last request: 93722.895947 seconds.
  path: Assets/Solar System/Models/MCB/what-is-a-wire-tech-guide.jpg
  artifactKey: Guid(e674c163f1545c643bd39716a422365b) Importer(815301076,1909f56bfc062723c751e8b465ee728b)
Start importing Assets/Solar System/Models/MCB/what-is-a-wire-tech-guide.jpg using Guid(e674c163f1545c643bd39716a422365b) Importer(815301076,1909f56bfc062723c751e8b465ee728b)  -> (artifact id: 'e9a4182fd4a8959a3bd7e58f41f8bbd6') in 0.073443 seconds
Number of updated asset objects reloaded before import = 0
Number of asset objects unloaded after import = 2
========================================================================
Received Import Request.
  Time since last request: 107.839724 seconds.
  path: Assets/Solar System/Models/MCB/mcb.mat
  artifactKey: Guid(bd10a93fd5548b34b8da40eb110e7b48) Importer(815301076,1909f56bfc062723c751e8b465ee728b)
Start importing Assets/Solar System/Models/MCB/mcb.mat using Guid(bd10a93fd5548b34b8da40eb110e7b48) Importer(815301076,1909f56bfc062723c751e8b465ee728b)  -> (artifact id: '5a381851d7ea29d90c0ca09644ed40ff') in 0.093365 seconds
Number of updated asset objects reloaded before import = 0
Number of asset objects unloaded after import = 3
========================================================================
Received Import Request.
  Time since last request: 43.080062 seconds.
  path: Assets/Solar System/Models/Niddle/lambert3_normal.png
  artifactKey: Guid(ea09072dd6fc4884e930ba91ae42f420) Importer(815301076,1909f56bfc062723c751e8b465ee728b)
Start importing Assets/Solar System/Models/Niddle/lambert3_normal.png using Guid(ea09072dd6fc4884e930ba91ae42f420) Importer(815301076,1909f56bfc062723c751e8b465ee728b)  -> (artifact id: '2046a371b36645e94c3753de60b4c884') in 0.041667 seconds
Number of updated asset objects reloaded before import = 0
Number of asset objects unloaded after import = 2
========================================================================
Received Import Request.
  Time since last request: 54.651502 seconds.
  path: Assets/Solar System/Models/Pakkad/e131e0895d0c4af88c0604d5d921c79b__LP_blinn1_BaseColor.png
  artifactKey: Guid(6bdb2b80afd67824d96d258ef703081b) Importer(815301076,1909f56bfc062723c751e8b465ee728b)
Start importing Assets/Solar System/Models/Pakkad/e131e0895d0c4af88c0604d5d921c79b__LP_blinn1_BaseColor.png using Guid(6bdb2b80afd67824d96d258ef703081b) Importer(815301076,1909f56bfc062723c751e8b465ee728b)  -> (artifact id: '4d26e3ff0839811342a3dc2ec3b49338') in 0.040321 seconds
Number of updated asset objects reloaded before import = 0
Number of asset objects unloaded after import = 2
========================================================================
Received Import Request.
  Time since last request: 199.927574 seconds.
  path: Assets/Solar System/Models/Solar/bettry_glass.mat
  artifactKey: Guid(3a8c3bc142056af4dadb4d1d638a996e) Importer(815301076,1909f56bfc062723c751e8b465ee728b)
Start importing Assets/Solar System/Models/Solar/bettry_glass.mat using Guid(3a8c3bc142056af4dadb4d1d638a996e) Importer(815301076,1909f56bfc062723c751e8b465ee728b)  -> (artifact id: 'bb8c39061de91c6b014df819bd8dbd22') in 0.030320 seconds
Number of updated asset objects reloaded before import = 0
Number of asset objects unloaded after import = 1
========================================================================
Received Import Request.
  Time since last request: 0.000027 seconds.
  path: Assets/Solar System/Models/Solar/box_11_unwrapped_Material_BaseColor.png
  artifactKey: Guid(b373de802cdb5034fb5e77fe51695096) Importer(815301076,1909f56bfc062723c751e8b465ee728b)
Start importing Assets/Solar System/Models/Solar/box_11_unwrapped_Material_BaseColor.png using Guid(b373de802cdb5034fb5e77fe51695096) Importer(815301076,1909f56bfc062723c751e8b465ee728b)  -> (artifact id: '90e27ba1d8f4720416c5c89f0064747a') in 0.042984 seconds
Number of updated asset objects reloaded before import = 0
Number of asset objects unloaded after import = 2
========================================================================
Received Import Request.
  Time since last request: 0.000023 seconds.
  path: Assets/Solar System/Models/Solar/box_11_unwrapped_Material_Normal.png
  artifactKey: Guid(d51abe010de30ca4cb3481fdf555e4ac) Importer(815301076,1909f56bfc062723c751e8b465ee728b)
Start importing Assets/Solar System/Models/Solar/box_11_unwrapped_Material_Normal.png using Guid(d51abe010de30ca4cb3481fdf555e4ac) Importer(815301076,1909f56bfc062723c751e8b465ee728b)  -> (artifact id: '5595c33f69bab53423a9cf1c92a2a064') in 0.033635 seconds
Number of updated asset objects reloaded before import = 0
Number of asset objects unloaded after import = 2
========================================================================
Received Import Request.
  Time since last request: 0.000023 seconds.
  path: Assets/Solar System/Models/Solar/fb73612abbf049c698d55ff476360c1b_RGB_Sticker_New_2_Base_color.png
  artifactKey: Guid(faafb242e18b8cd4492603fefd398248) Importer(815301076,1909f56bfc062723c751e8b465ee728b)
Start importing Assets/Solar System/Models/Solar/fb73612abbf049c698d55ff476360c1b_RGB_Sticker_New_2_Base_color.png using Guid(faafb242e18b8cd4492603fefd398248) Importer(815301076,1909f56bfc062723c751e8b465ee728b)  -> (artifact id: 'bde8fc17ae7a4f34c8734ee58a83bbe4') in 0.042012 seconds
Number of updated asset objects reloaded before import = 0
Number of asset objects unloaded after import = 2
========================================================================
Received Import Request.
  Time since last request: 0.000028 seconds.
  path: Assets/Solar System/Models/Solar/Inverter_Base_color.png
  artifactKey: Guid(20d418cd6bb5e6846a644e26f215a370) Importer(815301076,1909f56bfc062723c751e8b465ee728b)
Start importing Assets/Solar System/Models/Solar/Inverter_Base_color.png using Guid(20d418cd6bb5e6846a644e26f215a370) Importer(815301076,1909f56bfc062723c751e8b465ee728b)  -> (artifact id: 'f14834614394461a7625e70bac9aa1ef') in 0.030263 seconds
Number of updated asset objects reloaded before import = 0
Number of asset objects unloaded after import = 2
========================================================================
Received Import Request.
  Time since last request: 1.168360 seconds.
  path: Assets/Solar System/Models/Solar/Inverter_Normal.png
  artifactKey: Guid(3334878c4a357384b98c0951e971df80) Importer(815301076,1909f56bfc062723c751e8b465ee728b)
Start importing Assets/Solar System/Models/Solar/Inverter_Normal.png using Guid(3334878c4a357384b98c0951e971df80) Importer(815301076,1909f56bfc062723c751e8b465ee728b)  -> (artifact id: '381e09505a0bd0fcbaa6051dd4970fbd') in 0.036751 seconds
Number of updated asset objects reloaded before import = 0
Number of asset objects unloaded after import = 2
========================================================================
Received Import Request.
  Time since last request: 0.030437 seconds.
  path: Assets/Solar System/Models/Solar/lambert1.mat
  artifactKey: Guid(369b1792dc0baff40ae83bfc47e184c9) Importer(815301076,1909f56bfc062723c751e8b465ee728b)
Start importing Assets/Solar System/Models/Solar/lambert1.mat using Guid(369b1792dc0baff40ae83bfc47e184c9) Importer(815301076,1909f56bfc062723c751e8b465ee728b)  -> (artifact id: '1bca17b6102ddc82d1fd1a1091a64e8a') in 0.060447 seconds
Number of updated asset objects reloaded before import = 0
Number of asset objects unloaded after import = 1
========================================================================
Received Import Request.
  Time since last request: 0.000019 seconds.
  path: Assets/Solar System/Models/Solar/lambert3_normal.png
  artifactKey: Guid(3edffb10829560842a71da0b70a1db8f) Importer(815301076,1909f56bfc062723c751e8b465ee728b)
Start importing Assets/Solar System/Models/Solar/lambert3_normal.png using Guid(3edffb10829560842a71da0b70a1db8f) Importer(815301076,1909f56bfc062723c751e8b465ee728b)  -> (artifact id: '3ca5b323dfc468573b72020d93301062') in 0.045500 seconds
Number of updated asset objects reloaded before import = 0
Number of asset objects unloaded after import = 2
========================================================================
Received Import Request.
  Time since last request: 0.000032 seconds.
  path: Assets/Solar System/Models/Solar/mcb.mat
  artifactKey: Guid(f7b016eb52044a8448cfcce0aef147c2) Importer(815301076,1909f56bfc062723c751e8b465ee728b)
Start importing Assets/Solar System/Models/Solar/mcb.mat using Guid(f7b016eb52044a8448cfcce0aef147c2) Importer(815301076,1909f56bfc062723c751e8b465ee728b)  -> (artifact id: 'dad7d430c798ad47cb1c013663755829') in 0.040280 seconds
Number of updated asset objects reloaded before import = 0
Number of asset objects unloaded after import = 3
========================================================================
Received Import Request.
  Time since last request: 0.106279 seconds.
  path: Assets/Solar System/Models/Solar/metal_stand_Base_color.png
  artifactKey: Guid(8d06bafaf926f01429e7c31effdd1471) Importer(815301076,1909f56bfc062723c751e8b465ee728b)
Start importing Assets/Solar System/Models/Solar/metal_stand_Base_color.png using Guid(8d06bafaf926f01429e7c31effdd1471) Importer(815301076,1909f56bfc062723c751e8b465ee728b)  -> (artifact id: 'd046968f7664d269bc7bb43cd08a1c93') in 0.043323 seconds
Number of updated asset objects reloaded before import = 0
Number of asset objects unloaded after import = 2
========================================================================
Received Import Request.
  Time since last request: 0.010163 seconds.
  path: Assets/Solar System/Models/Solar/metal_steel_body.mat
  artifactKey: Guid(a9766cd06c34bf04a8c3ae05618a4226) Importer(815301076,1909f56bfc062723c751e8b465ee728b)
Start importing Assets/Solar System/Models/Solar/metal_steel_body.mat using Guid(a9766cd06c34bf04a8c3ae05618a4226) Importer(815301076,1909f56bfc062723c751e8b465ee728b)  -> (artifact id: '4aeaf9c39f3ff20b17e65bff68391c3e') in 0.027393 seconds
Number of updated asset objects reloaded before import = 0
Number of asset objects unloaded after import = 1
========================================================================
Received Import Request.
  Time since last request: 0.003643 seconds.
  path: Assets/Solar System/Models/Solar/Pakad.mat
  artifactKey: Guid(67819e4803239ab46b445303ea6a09b2) Importer(815301076,1909f56bfc062723c751e8b465ee728b)
Start importing Assets/Solar System/Models/Solar/Pakad.mat using Guid(67819e4803239ab46b445303ea6a09b2) Importer(815301076,1909f56bfc062723c751e8b465ee728b)  -> (artifact id: '47e2e0a4d63d9c5d3cfb467160da60d4') in 0.033369 seconds
Number of updated asset objects reloaded before import = 0
Number of asset objects unloaded after import = 3
========================================================================
Received Import Request.
  Time since last request: 0.000025 seconds.
  path: Assets/Solar System/Models/Solar/Plus-Mono-Silver---Straight-5-Bus.png
  artifactKey: Guid(dcb2dc66dde046b4380fceab21debf03) Importer(815301076,1909f56bfc062723c751e8b465ee728b)
Start importing Assets/Solar System/Models/Solar/Plus-Mono-Silver---Straight-5-Bus.png using Guid(dcb2dc66dde046b4380fceab21debf03) Importer(815301076,1909f56bfc062723c751e8b465ee728b)  -> (artifact id: 'c51d65cec0906f3d2b79e3a8a11f9cff') in 0.040461 seconds
Number of updated asset objects reloaded before import = 0
Number of asset objects unloaded after import = 2
========================================================================
Received Import Request.
  Time since last request: 0.213036 seconds.
  path: Assets/Solar System/Models/Solar/screw_low_screw_BaseColor.png
  artifactKey: Guid(6a08fce3230be514ba95f69ffe47b713) Importer(815301076,1909f56bfc062723c751e8b465ee728b)
Start importing Assets/Solar System/Models/Solar/screw_low_screw_BaseColor.png using Guid(6a08fce3230be514ba95f69ffe47b713) Importer(815301076,1909f56bfc062723c751e8b465ee728b)  -> (artifact id: '47b480ebdb90067f21d0452331468287') in 0.062026 seconds
Number of updated asset objects reloaded before import = 0
Number of asset objects unloaded after import = 2
========================================================================
Received Import Request.
  Time since last request: 0.000034 seconds.
  path: Assets/Solar System/Models/Solar/stiker_02.mat
  artifactKey: Guid(722e5772d8316954ba71787acb190389) Importer(815301076,1909f56bfc062723c751e8b465ee728b)
Start importing Assets/Solar System/Models/Solar/stiker_02.mat using Guid(722e5772d8316954ba71787acb190389) Importer(815301076,1909f56bfc062723c751e8b465ee728b)  -> (artifact id: '5954896650777e665385cc179b594316') in 0.024762 seconds
Number of updated asset objects reloaded before import = 0
Number of asset objects unloaded after import = 2
========================================================================
Received Import Request.
  Time since last request: 0.000047 seconds.
  path: Assets/Solar System/Models/Solar/TBattery_New_Base_color.png
  artifactKey: Guid(4b2c61c37097da8428d79215d4415bd1) Importer(815301076,1909f56bfc062723c751e8b465ee728b)
Start importing Assets/Solar System/Models/Solar/TBattery_New_Base_color.png using Guid(4b2c61c37097da8428d79215d4415bd1) Importer(815301076,1909f56bfc062723c751e8b465ee728b)  -> (artifact id: 'd61731b09c332369388347dfb4066061') in 0.032453 seconds
Number of updated asset objects reloaded before import = 0
Number of asset objects unloaded after import = 2
========================================================================
Received Import Request.
  Time since last request: 0.000044 seconds.
  path: Assets/Solar System/Models/Solar/Wiring.mat
  artifactKey: Guid(b57a10d3029acd4449807f6116e4b67e) Importer(815301076,1909f56bfc062723c751e8b465ee728b)
Start importing Assets/Solar System/Models/Solar/Wiring.mat using Guid(b57a10d3029acd4449807f6116e4b67e) Importer(815301076,1909f56bfc062723c751e8b465ee728b)  -> (artifact id: 'e9e64a06c2e4b6126f0a1e8dfced9a23') in 0.044785 seconds
Number of updated asset objects reloaded before import = 0
Number of asset objects unloaded after import = 3
========================================================================
Received Import Request.
  Time since last request: 0.173426 seconds.
  path: Assets/Solar System/Models/Solar/Wiring_Normal_OpenGL.png
  artifactKey: Guid(77339cdce54084c42b5f132145295ee1) Importer(815301076,1909f56bfc062723c751e8b465ee728b)
Start importing Assets/Solar System/Models/Solar/Wiring_Normal_OpenGL.png using Guid(77339cdce54084c42b5f132145295ee1) Importer(815301076,1909f56bfc062723c751e8b465ee728b)  -> (artifact id: '9b4e29fde47b2e68d3f6fc6bd923c1cb') in 0.024858 seconds
Number of updated asset objects reloaded before import = 0
Number of asset objects unloaded after import = 2
========================================================================
Received Import Request.
  Time since last request: 3.518023 seconds.
  path: Assets/Solar System/Models/Solar/AVT_1P_AVT-1P_Normal.png
  artifactKey: Guid(17e57476aa85dbb409706555db1038e6) Importer(815301076,1909f56bfc062723c751e8b465ee728b)
Start importing Assets/Solar System/Models/Solar/AVT_1P_AVT-1P_Normal.png using Guid(17e57476aa85dbb409706555db1038e6) Importer(815301076,1909f56bfc062723c751e8b465ee728b)  -> (artifact id: '9a83705f9a7d16fbf3f41700b8fb10a4') in 0.028996 seconds
Number of updated asset objects reloaded before import = 0
Number of asset objects unloaded after import = 2
========================================================================
Received Import Request.
  Time since last request: 0.265408 seconds.
  path: Assets/Solar System/Models/Solar/ac507ca9006c4748a7216a123ae1b443_N_dewalt_Normal_OpenGL.png
  artifactKey: Guid(aa97721bafd07004db3fd30660078265) Importer(815301076,1909f56bfc062723c751e8b465ee728b)
Start importing Assets/Solar System/Models/Solar/ac507ca9006c4748a7216a123ae1b443_N_dewalt_Normal_OpenGL.png using Guid(aa97721bafd07004db3fd30660078265) Importer(815301076,1909f56bfc062723c751e8b465ee728b)  -> (artifact id: '2eda53751e36e5956178c57274cae04c') in 0.031893 seconds
Number of updated asset objects reloaded before import = 0
Number of asset objects unloaded after import = 2
========================================================================
Received Import Request.
  Time since last request: 0.023649 seconds.
  path: Assets/Solar System/Models/Solar/30d0f94904f44bcaa55c6231cc6cd502_RGB_Sticker_New_1_Base_color.png
  artifactKey: Guid(f0b6acc80cec0974f9a00f3c667cb3fe) Importer(815301076,1909f56bfc062723c751e8b465ee728b)
Start importing Assets/Solar System/Models/Solar/30d0f94904f44bcaa55c6231cc6cd502_RGB_Sticker_New_1_Base_color.png using Guid(f0b6acc80cec0974f9a00f3c667cb3fe) Importer(815301076,1909f56bfc062723c751e8b465ee728b)  -> (artifact id: '2c0f8944504622bd1796bdf593f40b02') in 0.042990 seconds
Number of updated asset objects reloaded before import = 0
Number of asset objects unloaded after import = 2
========================================================================
Received Import Request.
  Time since last request: 56.045248 seconds.
  path: Assets/Solar System/Models/Solar/compas_glass.mat
  artifactKey: Guid(8ba7ed30adc0a7d43ac2451f58f06c41) Importer(815301076,1909f56bfc062723c751e8b465ee728b)
Start importing Assets/Solar System/Models/Solar/compas_glass.mat using Guid(8ba7ed30adc0a7d43ac2451f58f06c41) Importer(815301076,1909f56bfc062723c751e8b465ee728b)  -> (artifact id: 'cb7c9521c0248d74e43645861daa3405') in 0.025419 seconds
Number of updated asset objects reloaded before import = 0
Number of asset objects unloaded after import = 1
========================================================================
Received Prepare
Begin MonoManager ReloadAssembly
- Loaded All Assemblies, in  0.724 seconds
Refreshing native plugins compatible for Editor in 16.34 ms, found 9 plugins.
Native extension for UWP target not found
Native extension for WindowsStandalone target not found
Native extension for Android target not found
Native extension for WebGL target not found
[Package Manager] Server::EnsureServerProcessIsRunning -- launch failed, reason: Unity was launched with the -noUpm command-line argument
[Package Manager] UpmClient::Send -- Unable to send message (not connected to UPM process).
[Package Manager] Cannot connect to Unity Package Manager local server
Mono: successfully reloaded assembly
[Package Manager] Server::EnsureServerProcessIsRunning -- launch failed, reason: Unity was launched with the -noUpm command-line argument
[Package Manager] UpmClient::Send -- Unable to send message (not connected to UPM process).
[Package Manager] Cannot connect to Unity Package Manager local server
- Finished resetting the current domain, in  1.451 seconds
Domain Reload Profiling: 2172ms
	BeginReloadAssembly (267ms)
		ExecutionOrderSort (0ms)
		DisableScriptedObjects (5ms)
		BackupInstance (0ms)
		ReleaseScriptingObjects (0ms)
		CreateAndSetChildDomain (75ms)
	RebuildCommonClasses (37ms)
	RebuildNativeTypeToScriptingClass (10ms)
	initialDomainReloadingComplete (34ms)
	LoadAllAssembliesAndSetupDomain (373ms)
		LoadAssemblies (499ms)
		RebuildTransferFunctionScriptingTraits (0ms)
		AnalyzeDomain (17ms)
			TypeCache.Refresh (7ms)
				TypeCache.ScanAssembly (0ms)
			ScanForSourceGeneratedMonoScriptInfo (0ms)
			ResolveRequiredComponents (8ms)
	FinalizeReload (1452ms)
		ReleaseScriptCaches (0ms)
		RebuildScriptCaches (0ms)
		SetupLoadedEditorAssemblies (609ms)
			LogAssemblyErrors (0ms)
			InitializePlatformSupportModulesInManaged (39ms)
			SetLoadedEditorAssemblies (5ms)
			RefreshPlugins (0ms)
			BeforeProcessingInitializeOnLoad (91ms)
			ProcessInitializeOnLoadAttributes (416ms)
			ProcessInitializeOnLoadMethodAttributes (49ms)
			AfterProcessingInitializeOnLoad (9ms)
			EditorAssembliesLoaded (0ms)
		ExecutionOrderSort2 (0ms)
		AwakeInstancesAfterBackupRestoration (10ms)
Refreshing native plugins compatible for Editor in 23.95 ms, found 9 plugins.
Preloading 0 native plugins for Editor in 0.00 ms.
Unloading 4514 Unused Serialized files (Serialized files now loaded: 0)
Unloading 61 unused Assets / (50.2 KB). Loaded Objects now: 5063.
Memory consumption went from 159.3 MB to 159.3 MB.
Total: 5.846300 ms (FindLiveObjects: 0.591600 ms CreateObjectMapping: 0.224100 ms MarkObjects: 4.766000 ms  DeleteObjects: 0.262000 ms)

Prepare: number of updated asset objects reloaded= 0
AssetImportParameters requested are different than current active one (requested -> active):
  custom:container-demuxer-ogg: 62fdf1f143b41e24485cea50d1cbac27 -> 
  custom:video-codec-MediaFoundation-h265: 746d11721c4dcdbdad8f713fa42b33f4 -> 
  custom:video-decoder-ogg-theora: a1e56fd34408186e4bbccfd4996cb3dc -> 
  custom:framework-win-MediaFoundation: 216162199b28c13a410421893ffa2e32 -> 
  custom:CustomObjectIndexerAttribute: 6d391050e5a25f67b0a2c618074f2cd9 -> 
  custom:container-demuxer-webm: 4f35f7cbe854078d1ac9338744f61a02 -> 
  custom:container-muxer-webm: aa71ff27fc2769a1b78a27578f13a17b -> 
  custom:video-decoder-webm-vp8: 9c59270c3fd7afecdb556c50c9e8de78 -> 
  custom:SearchIndexIgnoredProperties: e643bd26f0fe6173181afceb89e7c659 -> 
  custom:AudioImporter_EditorPlatform: d09bf68614088b80899f8185d706f6e7 -> 
  custom:video-encoder-webm-vp8: eb34c28f22e8b96e1ab97ce403110664 -> 
  custom:audio-decoder-ogg-vorbis: bf7c407c2cedff20999df2af8eb42d56 -> 
  custom:audio-encoder-webm-vorbis: bf7c407c2cedff20999df2af8eb42d56 -> 
========================================================================
Received Prepare
Begin MonoManager ReloadAssembly
- Loaded All Assemblies, in  1.617 seconds
Refreshing native plugins compatible for Editor in 39.44 ms, found 9 plugins.
Native extension for UWP target not found
Native extension for WindowsStandalone target not found
Native extension for Android target not found
Native extension for WebGL target not found
[Package Manager] Server::EnsureServerProcessIsRunning -- launch failed, reason: Unity was launched with the -noUpm command-line argument
[Package Manager] UpmClient::Send -- Unable to send message (not connected to UPM process).
[Package Manager] Cannot connect to Unity Package Manager local server
Mono: successfully reloaded assembly
[Package Manager] Server::EnsureServerProcessIsRunning -- launch failed, reason: Unity was launched with the -noUpm command-line argument
[Package Manager] UpmClient::Send -- Unable to send message (not connected to UPM process).
[Package Manager] Cannot connect to Unity Package Manager local server
- Finished resetting the current domain, in  2.683 seconds
Domain Reload Profiling: 4292ms
	BeginReloadAssembly (551ms)
		ExecutionOrderSort (0ms)
		DisableScriptedObjects (13ms)
		BackupInstance (0ms)
		ReleaseScriptingObjects (0ms)
		CreateAndSetChildDomain (107ms)
	RebuildCommonClasses (206ms)
	RebuildNativeTypeToScriptingClass (28ms)
	initialDomainReloadingComplete (89ms)
	LoadAllAssembliesAndSetupDomain (734ms)
		LoadAssemblies (1050ms)
		RebuildTransferFunctionScriptingTraits (0ms)
		AnalyzeDomain (38ms)
			TypeCache.Refresh (15ms)
				TypeCache.ScanAssembly (0ms)
			ScanForSourceGeneratedMonoScriptInfo (1ms)
			ResolveRequiredComponents (17ms)
	FinalizeReload (2685ms)
		ReleaseScriptCaches (0ms)
		RebuildScriptCaches (0ms)
		SetupLoadedEditorAssemblies (1179ms)
			LogAssemblyErrors (0ms)
			InitializePlatformSupportModulesInManaged (79ms)
			SetLoadedEditorAssemblies (8ms)
			RefreshPlugins (0ms)
			BeforeProcessingInitializeOnLoad (155ms)
			ProcessInitializeOnLoadAttributes (789ms)
			ProcessInitializeOnLoadMethodAttributes (124ms)
			AfterProcessingInitializeOnLoad (24ms)
			EditorAssembliesLoaded (1ms)
		ExecutionOrderSort2 (0ms)
		AwakeInstancesAfterBackupRestoration (22ms)
Refreshing native plugins compatible for Editor in 21.90 ms, found 9 plugins.
Preloading 0 native plugins for Editor in 0.00 ms.
Unloading 4515 Unused Serialized files (Serialized files now loaded: 0)
Unloading 61 unused Assets / (50.1 KB). Loaded Objects now: 5067.
Memory consumption went from 161.5 MB to 161.5 MB.
Total: 9.248200 ms (FindLiveObjects: 0.571800 ms CreateObjectMapping: 0.255600 ms MarkObjects: 8.237300 ms  DeleteObjects: 0.181700 ms)

Prepare: number of updated asset objects reloaded= 0
AssetImportParameters requested are different than current active one (requested -> active):
  custom:container-demuxer-ogg: 62fdf1f143b41e24485cea50d1cbac27 -> 
  custom:video-codec-MediaFoundation-h265: 746d11721c4dcdbdad8f713fa42b33f4 -> 
  custom:video-decoder-ogg-theora: a1e56fd34408186e4bbccfd4996cb3dc -> 
  custom:framework-win-MediaFoundation: 216162199b28c13a410421893ffa2e32 -> 
  custom:CustomObjectIndexerAttribute: 6d391050e5a25f67b0a2c618074f2cd9 -> 
  custom:container-demuxer-webm: 4f35f7cbe854078d1ac9338744f61a02 -> 
  custom:container-muxer-webm: aa71ff27fc2769a1b78a27578f13a17b -> 
  custom:video-decoder-webm-vp8: 9c59270c3fd7afecdb556c50c9e8de78 -> 
  custom:SearchIndexIgnoredProperties: e643bd26f0fe6173181afceb89e7c659 -> 
  custom:AudioImporter_EditorPlatform: d09bf68614088b80899f8185d706f6e7 -> 
  custom:video-encoder-webm-vp8: eb34c28f22e8b96e1ab97ce403110664 -> 
  custom:audio-decoder-ogg-vorbis: bf7c407c2cedff20999df2af8eb42d56 -> 
  custom:audio-encoder-webm-vorbis: bf7c407c2cedff20999df2af8eb42d56 -> 
========================================================================
Received Import Request.
  Time since last request: 4057.329721 seconds.
  path: Assets/Solar System/Models/Solar/compaas.mat
  artifactKey: Guid(c1e639959a19e0f418824bffdd39d84d) Importer(815301076,1909f56bfc062723c751e8b465ee728b)
Start importing Assets/Solar System/Models/Solar/compaas.mat using Guid(c1e639959a19e0f418824bffdd39d84d) Importer(815301076,1909f56bfc062723c751e8b465ee728b)  -> (artifact id: '9e331a8fdfcb9b8921e0f1672435f32b') in 0.176362 seconds
Number of updated asset objects reloaded before import = 0
Number of asset objects unloaded after import = 3
